#
# A fatal error has been detected by the Java Runtime Environment:
#
#  SIGSEGV (0xb) at pc=0x00007f0ee177f401, pid=9052, tid=29104
#
# JRE version: OpenJDK Runtime Environment (11.0.6+10) (build 11.0.6+10-post-Ubuntu-1ubuntu118.04.1)
# Java VM: OpenJDK 64-Bit Server VM (11.0.6+10-post-Ubuntu-1ubuntu118.04.1, mixed mode, sharing, tiered, compressed oops, g1 gc, linux-amd64)
# Problematic frame:
# C  [libjimage.so+0x2401]
#
# No core dump will be written. Core dumps have been disabled. To enable core dumping, try "ulimit -c unlimited" before starting Java again
#
# If you would like to submit a bug report, please visit:
#   https://bugs.launchpad.net/ubuntu/+source/openjdk-lts
#

---------------  S U M M A R Y ------------

Command Line: -Dfile.encoding=UTF-8 es.neifi.Gestiongym.MainForm

Host: AMD Ryzen 5 1500X Quad-Core Processor, 8 cores, 7G, Linux Mint 19.1 Tessa
Time: Wed Mar 11 20:02:53 2020 CET elapsed time: 19572 seconds (0d 5h 26m 12s)

---------------  T H R E A D  ---------------

Current thread (0x00007f0e54004800):  JavaThread "XToolkt-Shutdown-Thread" [_thread_in_vm, id=29104, stack(0x00007f0edbeff000,0x00007f0edc000000)]

Stack: [0x00007f0edbeff000,0x00007f0edc000000],  sp=0x00007f0edbffcfc0,  free space=1015k
Native frames: (J=compiled Java code, A=aot compiled Java code, j=interpreted, Vv=VM code, C=native code)
C  [libjimage.so+0x2401]
C  [libjimage.so+0x30ea]
C  [libjimage.so+0x35c6]  JIMAGE_FindResource+0xd6
V  [libjvm.so+0x59098e]
V  [libjvm.so+0x5936f0]
V  [libjvm.so+0xd49c05]
V  [libjvm.so+0xd4759a]
V  [libjvm.so+0xd4a192]
V  [libjvm.so+0x646187]
V  [libjvm.so+0xa3788a]
V  [libjvm.so+0x83e9f6]
V  [libjvm.so+0x83f8ed]
j  sun.awt.X11.XToolkit.lambda$init$0()V+0 java.desktop@11.0.6
j  sun.awt.X11.XToolkit$$Lambda$9.run()V+4 java.desktop@11.0.6
j  java.lang.Thread.run()V+11 java.base@11.0.6
v  ~StubRoutines::call_stub
V  [libjvm.so+0x8493b9]
V  [libjvm.so+0x8474fd]
V  [libjvm.so+0x8f20dc]
V  [libjvm.so+0xd83203]
V  [libjvm.so+0xd834d5]
V  [libjvm.so+0xd7f20a]
V  [libjvm.so+0xbcf1fe]

Java frames: (J=compiled Java code, j=interpreted, Vv=VM code)
j  sun.awt.X11.XToolkit.lambda$init$0()V+0 java.desktop@11.0.6
j  sun.awt.X11.XToolkit$$Lambda$9.run()V+4 java.desktop@11.0.6
j  java.lang.Thread.run()V+11 java.base@11.0.6
v  ~StubRoutines::call_stub

siginfo: si_signo: 11 (SIGSEGV), si_code: 1 (SEGV_MAPERR), si_addr: 0x00007f0ed3926f28

Register to memory mapping:

RAX=0x0000000000005bc3 is an unknown value
RBX=0x00007f0edbffd071 is pointing into the stack for thread: 0x00007f0e54004800
RCX=0x00007f0ed391001c is an unknown value
RDX=0x0000000000005bc3 is an unknown value
RSP=0x00007f0edbffcfc0 is pointing into the stack for thread: 0x00007f0e54004800
RBP=0x00007f0edbffcfe0 is pointing into the stack for thread: 0x00007f0e54004800
RSI=0x00007f0edbffd070 is pointing into the stack for thread: 0x00007f0e54004800
RDI=0x00007f0ee1982130: <offset 0x0000000000205130> in /usr/lib/jvm/java-11-openjdk-amd64/lib/libjimage.so at 0x00007f0ee177d000
R8 =0x0 is NULL
R9 =
[error occurred during error reporting (printing register info), id 0xb, SIGSEGV (0xb) at pc=0x00007f0ee3a75e20]

Registers:
RAX=0x0000000000005bc3, RBX=0x00007f0edbffd071, RCX=0x00007f0ed391001c, RDX=0x0000000000005bc3
RSP=0x00007f0edbffcfc0, RBP=0x00007f0edbffcfe0, RSI=0x00007f0edbffd070, RDI=0x00007f0ee1982130
R8 =0x0000000000000000, R9 =0x00000000ca0d71f0, R10=0x00007f0edbffd094, R11=0x50796172546d6574
R12=0x00007f0edbffd070, R13=0x00000000000083a0, R14=0x00007f0edbffe108, R15=0x00007f0e8c000d00
RIP=0x00007f0ee177f401, EFLAGS=0x0000000000010212, CSGSFS=0x002b000000000033, ERR=0x0000000000000004
  TRAPNO=0x000000000000000e

Top of Stack: (sp=0x00007f0edbffcfc0)
0x00007f0edbffcfc0:   0000000000000000 00007f0edc021f90
0x00007f0edbffcfd0:   0000000000000000 00007f0edbffd070
0x00007f0edbffcfe0:   00007f0edbffd050 00007f0ee17800ea
0x00007f0edbffcff0:   0000000000000000 0000000000000000 

Instructions: (pc=0x00007f0ee177f401)
0x00007f0ee177f301:   c5 4c 01 e3 48 89 ce e8 d3 f3 ff ff e9 69 fd ff
0x00007f0ee177f311:   ff 89 d1 0f b7 74 08 fe 66 41 89 74 0e fe e9 7a
0x00007f0ee177f321:   fe ff ff 0f 1f 40 00 8b 08 49 8d 1c 16 41 89 0e
0x00007f0ee177f331:   89 d1 8b 74 08 fc 41 89 74 0e fc 48 8d 34 10 48
0x00007f0ee177f341:   89 75 b8 e9 0b fe ff ff 0f 1f 80 00 00 00 00 0f
0x00007f0ee177f351:   b6 17 55 89 f0 48 89 e5 84 d2 74 22 48 8d 4f 01
0x00007f0ee177f361:   0f 1f 80 00 00 00 00 48 83 c1 01 0f b6 f2 0f b6
0x00007f0ee177f371:   51 ff 69 c0 93 01 00 01 31 f0 84 d2 75 e9 25 ff
0x00007f0ee177f381:   ff ff 7f 5d c3 66 2e 0f 1f 84 00 00 00 00 00 48
0x00007f0ee177f391:   85 d2 0f 84 dd 00 00 00 85 c9 0f 84 d5 00 00 00
0x00007f0ee177f3a1:   55 48 89 e5 41 55 41 54 53 48 8d 5e 01 48 83 ec
0x00007f0ee177f3b1:   08 44 0f b6 06 45 84 c0 0f 84 a9 00 00 00 49 89
0x00007f0ee177f3c1:   da b8 93 01 00 01 66 0f 1f 84 00 00 00 00 00 49
0x00007f0ee177f3d1:   83 c2 01 44 69 c8 93 01 00 01 41 0f b6 c0 45 0f
0x00007f0ee177f3e1:   b6 42 ff 44 31 c8 45 84 c0 75 e4 25 ff ff ff 7f
0x00007f0ee177f3f1:   41 89 cd 48 89 d1 31 d2 41 f7 f5 49 89 f4 89 d0
0x00007f0ee177f401:   8b 34 81 48 8b 07 ff 50 20 83 f8 00 7e 41 41 0f
0x00007f0ee177f411:   b6 14 24 84 d2 74 1c 0f 1f 84 00 00 00 00 00 69
0x00007f0ee177f421:   c0 93 01 00 01 48 83 c3 01 31 d0 0f b6 53 ff 84
0x00007f0ee177f431:   d2 75 ec 25 ff ff ff 7f 31 d2 41 f7 f5 48 83 c4
0x00007f0ee177f441:   08 89 d0 5b 41 5c 41 5d 5d c3 0f 1f 44 00 00 74
0x00007f0ee177f451:   1d f7 d0 48 83 c4 08 89 c2 5b 89 d0 41 5c 41 5d
0x00007f0ee177f461:   5d c3 0f 1f 44 00 00 b8 93 01 00 01 eb 82 ba ff
0x00007f0ee177f471:   ff ff ff eb c8 83 ca ff 89 d0 c3 0f 1f 40 00 0f
0x00007f0ee177f481:   b6 17 55 48 89 f8 48 89 e5 84 d2 75 15 eb 1a 38
0x00007f0ee177f491:   ca 75 1c 48 83 c0 01 0f b6 10 48 83 c6 01 84 d2
0x00007f0ee177f4a1:   74 07 0f b6 0e 84 c9 75 e6 5d c3 0f 1f 40 00 31
0x00007f0ee177f4b1:   c0 5d c3 66 90 66 2e 0f 1f 84 00 00 00 00 00 55
0x00007f0ee177f4c1:   48 85 f6 48 89 e5 74 57 0f 1f 80 00 00 00 00 0f
0x00007f0ee177f4d1:   b6 06 84 c0 74 49 0f b6 d0 83 e0 07 c1 fa 03 44
0x00007f0ee177f4e1:   8d 50 01 0f b6 c0 41 89 d1 48 8d 56 01 4c 8d 44
0x00007f0ee177f4f1:   06 02 31 c0 0f 1f 00 0f b6 0a 48 c1 e0 08 48 83 


Stack slot to memory mapping:
stack at sp + 0 slots: 0x0 is NULL
stack at sp + 1 slots: 0x00007f0edc021f90 points into unknown readable memory: 50 0f 00 68 0e 7f 00 00
stack at sp + 2 slots: 0x0 is NULL
stack at sp + 3 slots: 0x00007f0edbffd070 is pointing into the stack for thread: 0x00007f0e54004800
stack at sp + 4 slots: 0x00007f0edbffd050 is pointing into the stack for thread: 0x00007f0e54004800
stack at sp + 5 slots: 0x00007f0ee17800ea: <offset 0x00000000000030ea> in /usr/lib/jvm/java-11-openjdk-amd64/lib/libjimage.so at 0x00007f0ee177d000
stack at sp + 6 slots: 0x0 is NULL
stack at sp + 7 slots: 0x0 is NULL


---------------  P R O C E S S  ---------------

Threads class SMR info:
_java_thread_list=0x00007f0e54001150, length=19, elements={
0x00007f0edc123000, 0x00007f0edc12d000, 0x00007f0edc132800, 0x00007f0edc134800,
0x00007f0edc136800, 0x00007f0edc138800, 0x00007f0edc1a0000, 0x00007f0edc1a5000,
0x00007f0edc2cb000, 0x00007f0edc2cd000, 0x00007f0edc2f8800, 0x00007f0edc2fa800,
0x00007f0edc015000, 0x00007f0e602a5000, 0x00007f0e94001000, 0x00007f0e94002800,
0x00007f0e94004000, 0x00007f0e54003000, 0x00007f0e54004800
}

Java Threads: ( => current thread )
  0x00007f0edc123000 JavaThread "Reference Handler" daemon [_thread_blocked, id=9065, stack(0x00007f0eb53f9000,0x00007f0eb54fa000)]
  0x00007f0edc12d000 JavaThread "Finalizer" daemon [_thread_blocked, id=9066, stack(0x00007f0eb52f8000,0x00007f0eb53f9000)]
  0x00007f0edc132800 JavaThread "Signal Dispatcher" daemon [_thread_blocked, id=9067, stack(0x00007f0eb4de3000,0x00007f0eb4ee4000)]
  0x00007f0edc134800 JavaThread "C2 CompilerThread0" daemon [_thread_blocked, id=9068, stack(0x00007f0eb4ce2000,0x00007f0eb4de3000)]
  0x00007f0edc136800 JavaThread "C1 CompilerThread0" daemon [_thread_blocked, id=9069, stack(0x00007f0eb4be1000,0x00007f0eb4ce2000)]
  0x00007f0edc138800 JavaThread "Sweeper thread" daemon [_thread_blocked, id=9070, stack(0x00007f0eb4ae0000,0x00007f0eb4be1000)]
  0x00007f0edc1a0000 JavaThread "Service Thread" daemon [_thread_blocked, id=9071, stack(0x00007f0eb49df000,0x00007f0eb4ae0000)]
  0x00007f0edc1a5000 JavaThread "Common-Cleaner" daemon [_thread_blocked, id=9073, stack(0x00007f0eb47dc000,0x00007f0eb48dd000)]
  0x00007f0edc2cb000 JavaThread "Java2D Disposer" daemon [_thread_blocked, id=9077, stack(0x00007f0e80037000,0x00007f0e80138000)]
  0x00007f0edc2cd000 JavaThread "AWT-XAWT" daemon [_thread_in_native, id=9078, stack(0x00007f0e7a4f6000,0x00007f0e7a5f7000)]
  0x00007f0edc2f8800 JavaThread "AWT-Shutdown" [_thread_blocked, id=9079, stack(0x00007f0e7a3f5000,0x00007f0e7a4f6000)]
  0x00007f0edc2fa800 JavaThread "AWT-EventQueue-0" [_thread_blocked, id=9080, stack(0x00007f0e7a2f4000,0x00007f0e7a3f5000)]
  0x00007f0edc015000 JavaThread "DestroyJavaVM" [_thread_blocked, id=9058, stack(0x00007f0ee54b9000,0x00007f0ee55ba000)]
  0x00007f0e602a5000 JavaThread "TimerQueue" daemon [_thread_blocked, id=9082, stack(0x00007f0e79c23000,0x00007f0e79d24000)]
  0x00007f0e94001000 JavaThread "SIGHUP handler" daemon [_thread_blocked, id=28792, stack(0x00007f0e7a1f3000,0x00007f0e7a2f4000)]
  0x00007f0e94002800 JavaThread "SIGTERM handler" daemon [_thread_blocked, id=28815, stack(0x00007f0e78717000,0x00007f0e78818000)]
  0x00007f0e94004000 JavaThread "SIGTERM handler" daemon [_thread_blocked, id=28817, stack(0x00007f0e78616000,0x00007f0e78717000)]
  0x00007f0e54003000 JavaThread "Logging-Cleaner" [_thread_blocked, id=29103, stack(0x00007f0e78515000,0x00007f0e78616000)]
=>0x00007f0e54004800 JavaThread "XToolkt-Shutdown-Thread" [_thread_in_vm, id=29104, stack(0x00007f0edbeff000,0x00007f0edc000000)]

Other Threads:
  0x00007f0edc120000 VMThread "VM Thread" [stack: 0x00007f0eb54fc000,0x00007f0eb55fc000] [id=9064]
  0x00007f0edc1a2800 WatcherThread [stack: 0x00007f0eb48df000,0x00007f0eb49df000] [id=9072]
  0x00007f0edc02d800 GCTaskThread "GC Thread#0" [stack: 0x00007f0ee14a7000,0x00007f0ee15a7000] [id=9059]
  0x00007f0ea8001000 GCTaskThread "GC Thread#1" [stack: 0x00007f0e79222000,0x00007f0e79322000] [id=9084]
  0x00007f0ea8002800 GCTaskThread "GC Thread#2" [stack: 0x00007f0e79120000,0x00007f0e79220000] [id=9085]
  0x00007f0ea8004800 GCTaskThread "GC Thread#3" [stack: 0x00007f0e7901e000,0x00007f0e7911e000] [id=9086]
  0x00007f0ea8006000 GCTaskThread "GC Thread#4" [stack: 0x00007f0e78f1c000,0x00007f0e7901c000] [id=9087]
  0x00007f0ea8008000 GCTaskThread "GC Thread#5" [stack: 0x00007f0e78e1a000,0x00007f0e78f1a000] [id=9088]
  0x00007f0edc05f800 ConcurrentGCThread "G1 Main Marker" [stack: 0x00007f0ec4810000,0x00007f0ec4910000] [id=9060]
  0x00007f0edc061800 ConcurrentGCThread "G1 Conc#0" [stack: 0x00007f0ec470e000,0x00007f0ec480e000] [id=9061]
  0x00007f0edc0ec000 ConcurrentGCThread "G1 Refine#0" [stack: 0x00007f0eb5f00000,0x00007f0eb6000000] [id=9062]
  0x00007f0edc0ee000 ConcurrentGCThread "G1 Young RemSet Sampling" [stack: 0x00007f0eb5dfe000,0x00007f0eb5efe000] [id=9063]

Threads with active compile tasks:

VM state:synchronizing (normal execution)

VM Mutex/Monitor currently owned by a thread:  ([mutex/lock_event])
[0x00007f0edc0110b0] Threads_lock - owner thread: 0x00007f0edc120000

Heap address: 0x0000000083600000, size: 1994 MB, Compressed Oops mode: 32-bit
Narrow klass base: 0x0000000800000000, Narrow klass shift: 3
Compressed class space size: 1073741824 Address: 0x0000000840000000

Heap:
 garbage-first heap   total 131072K, used 16664K [0x0000000083600000, 0x0000000100000000)
  region size 1024K, 16 young (16384K), 3 survivors (3072K)
 Metaspace       used 18100K, capacity 18744K, committed 19072K, reserved 1067008K
  class space    used 2112K, capacity 2406K, committed 2432K, reserved 1048576K
Heap Regions: E=young(eden), S=young(survivor), O=old, HS=humongous(starts), HC=humongous(continues), CS=collection set, F=free, A=archive, TAMS=top-at-mark-start (previous, next)
|   0|0x0000000083600000, 0x0000000083695000, 0x0000000083700000| 58%| O|  |TAMS 0x0000000083600000, 0x0000000083600000| Untracked 
|   1|0x0000000083700000, 0x0000000083700000, 0x0000000083800000|  0%| F|  |TAMS 0x0000000083700000, 0x0000000083700000| Untracked 
|   2|0x0000000083800000, 0x0000000083800000, 0x0000000083900000|  0%| F|  |TAMS 0x0000000083800000, 0x0000000083800000| Untracked 
|   3|0x0000000083900000, 0x0000000083900000, 0x0000000083a00000|  0%| F|  |TAMS 0x0000000083900000, 0x0000000083900000| Untracked 
|   4|0x0000000083a00000, 0x0000000083a00000, 0x0000000083b00000|  0%| F|  |TAMS 0x0000000083a00000, 0x0000000083a00000| Untracked 
|   5|0x0000000083b00000, 0x0000000083b00000, 0x0000000083c00000|  0%| F|  |TAMS 0x0000000083b00000, 0x0000000083b00000| Untracked 
|   6|0x0000000083c00000, 0x0000000083c00000, 0x0000000083d00000|  0%| F|  |TAMS 0x0000000083c00000, 0x0000000083c00000| Untracked 
|   7|0x0000000083d00000, 0x0000000083d00000, 0x0000000083e00000|  0%| F|  |TAMS 0x0000000083d00000, 0x0000000083d00000| Untracked 
|   8|0x0000000083e00000, 0x0000000083e00000, 0x0000000083f00000|  0%| F|  |TAMS 0x0000000083e00000, 0x0000000083e00000| Untracked 
|   9|0x0000000083f00000, 0x0000000083f00000, 0x0000000084000000|  0%| F|  |TAMS 0x0000000083f00000, 0x0000000083f00000| Untracked 
|  10|0x0000000084000000, 0x0000000084000000, 0x0000000084100000|  0%| F|  |TAMS 0x0000000084000000, 0x0000000084000000| Untracked 
|  11|0x0000000084100000, 0x0000000084100000, 0x0000000084200000|  0%| F|  |TAMS 0x0000000084100000, 0x0000000084100000| Untracked 
|  12|0x0000000084200000, 0x0000000084200000, 0x0000000084300000|  0%| F|  |TAMS 0x0000000084200000, 0x0000000084200000| Untracked 
|  13|0x0000000084300000, 0x0000000084300000, 0x0000000084400000|  0%| F|  |TAMS 0x0000000084300000, 0x0000000084300000| Untracked 
|  14|0x0000000084400000, 0x0000000084400000, 0x0000000084500000|  0%| F|  |TAMS 0x0000000084400000, 0x0000000084400000| Untracked 
|  15|0x0000000084500000, 0x0000000084500000, 0x0000000084600000|  0%| F|  |TAMS 0x0000000084500000, 0x0000000084500000| Untracked 
|  16|0x0000000084600000, 0x0000000084600000, 0x0000000084700000|  0%| F|  |TAMS 0x0000000084600000, 0x0000000084600000| Untracked 
|  17|0x0000000084700000, 0x0000000084700000, 0x0000000084800000|  0%| F|  |TAMS 0x0000000084700000, 0x0000000084700000| Untracked 
|  18|0x0000000084800000, 0x0000000084800000, 0x0000000084900000|  0%| F|  |TAMS 0x0000000084800000, 0x0000000084800000| Untracked 
|  19|0x0000000084900000, 0x0000000084900000, 0x0000000084a00000|  0%| F|  |TAMS 0x0000000084900000, 0x0000000084900000| Untracked 
|  20|0x0000000084a00000, 0x0000000084a00000, 0x0000000084b00000|  0%| F|  |TAMS 0x0000000084a00000, 0x0000000084a00000| Untracked 
|  21|0x0000000084b00000, 0x0000000084b00000, 0x0000000084c00000|  0%| F|  |TAMS 0x0000000084b00000, 0x0000000084b00000| Untracked 
|  22|0x0000000084c00000, 0x0000000084c00000, 0x0000000084d00000|  0%| F|  |TAMS 0x0000000084c00000, 0x0000000084c00000| Untracked 
|  23|0x0000000084d00000, 0x0000000084d00000, 0x0000000084e00000|  0%| F|  |TAMS 0x0000000084d00000, 0x0000000084d00000| Untracked 
|  24|0x0000000084e00000, 0x0000000084e00000, 0x0000000084f00000|  0%| F|  |TAMS 0x0000000084e00000, 0x0000000084e00000| Untracked 
|  25|0x0000000084f00000, 0x0000000084f00000, 0x0000000085000000|  0%| F|  |TAMS 0x0000000084f00000, 0x0000000084f00000| Untracked 
|  26|0x0000000085000000, 0x0000000085000000, 0x0000000085100000|  0%| F|  |TAMS 0x0000000085000000, 0x0000000085000000| Untracked 
|  27|0x0000000085100000, 0x0000000085100000, 0x0000000085200000|  0%| F|  |TAMS 0x0000000085100000, 0x0000000085100000| Untracked 
|  28|0x0000000085200000, 0x0000000085200000, 0x0000000085300000|  0%| F|  |TAMS 0x0000000085200000, 0x0000000085200000| Untracked 
|  29|0x0000000085300000, 0x0000000085300000, 0x0000000085400000|  0%| F|  |TAMS 0x0000000085300000, 0x0000000085300000| Untracked 
|  30|0x0000000085400000, 0x0000000085400000, 0x0000000085500000|  0%| F|  |TAMS 0x0000000085400000, 0x0000000085400000| Untracked 
|  31|0x0000000085500000, 0x0000000085500000, 0x0000000085600000|  0%| F|  |TAMS 0x0000000085500000, 0x0000000085500000| Untracked 
|  32|0x0000000085600000, 0x0000000085600000, 0x0000000085700000|  0%| F|  |TAMS 0x0000000085600000, 0x0000000085600000| Untracked 
|  33|0x0000000085700000, 0x0000000085700000, 0x0000000085800000|  0%| F|  |TAMS 0x0000000085700000, 0x0000000085700000| Untracked 
|  34|0x0000000085800000, 0x0000000085800000, 0x0000000085900000|  0%| F|  |TAMS 0x0000000085800000, 0x0000000085800000| Untracked 
|  35|0x0000000085900000, 0x0000000085900000, 0x0000000085a00000|  0%| F|  |TAMS 0x0000000085900000, 0x0000000085900000| Untracked 
|  36|0x0000000085a00000, 0x0000000085a00000, 0x0000000085b00000|  0%| F|  |TAMS 0x0000000085a00000, 0x0000000085a00000| Untracked 
|  37|0x0000000085b00000, 0x0000000085b00000, 0x0000000085c00000|  0%| F|  |TAMS 0x0000000085b00000, 0x0000000085b00000| Untracked 
|  38|0x0000000085c00000, 0x0000000085c00000, 0x0000000085d00000|  0%| F|  |TAMS 0x0000000085c00000, 0x0000000085c00000| Untracked 
|  39|0x0000000085d00000, 0x0000000085d00000, 0x0000000085e00000|  0%| F|  |TAMS 0x0000000085d00000, 0x0000000085d00000| Untracked 
|  40|0x0000000085e00000, 0x0000000085e00000, 0x0000000085f00000|  0%| F|  |TAMS 0x0000000085e00000, 0x0000000085e00000| Untracked 
|  41|0x0000000085f00000, 0x0000000085f00000, 0x0000000086000000|  0%| F|  |TAMS 0x0000000085f00000, 0x0000000085f00000| Untracked 
|  42|0x0000000086000000, 0x0000000086000000, 0x0000000086100000|  0%| F|  |TAMS 0x0000000086000000, 0x0000000086000000| Untracked 
|  43|0x0000000086100000, 0x0000000086100000, 0x0000000086200000|  0%| F|  |TAMS 0x0000000086100000, 0x0000000086100000| Untracked 
|  44|0x0000000086200000, 0x0000000086200000, 0x0000000086300000|  0%| F|  |TAMS 0x0000000086200000, 0x0000000086200000| Untracked 
|  45|0x0000000086300000, 0x0000000086300000, 0x0000000086400000|  0%| F|  |TAMS 0x0000000086300000, 0x0000000086300000| Untracked 
|  46|0x0000000086400000, 0x0000000086400000, 0x0000000086500000|  0%| F|  |TAMS 0x0000000086400000, 0x0000000086400000| Untracked 
|  47|0x0000000086500000, 0x0000000086500000, 0x0000000086600000|  0%| F|  |TAMS 0x0000000086500000, 0x0000000086500000| Untracked 
|  48|0x0000000086600000, 0x0000000086600000, 0x0000000086700000|  0%| F|  |TAMS 0x0000000086600000, 0x0000000086600000| Untracked 
|  49|0x0000000086700000, 0x0000000086700000, 0x0000000086800000|  0%| F|  |TAMS 0x0000000086700000, 0x0000000086700000| Untracked 
|  50|0x0000000086800000, 0x0000000086800000, 0x0000000086900000|  0%| F|  |TAMS 0x0000000086800000, 0x0000000086800000| Untracked 
|  51|0x0000000086900000, 0x0000000086900000, 0x0000000086a00000|  0%| F|  |TAMS 0x0000000086900000, 0x0000000086900000| Untracked 
|  52|0x0000000086a00000, 0x0000000086a00000, 0x0000000086b00000|  0%| F|  |TAMS 0x0000000086a00000, 0x0000000086a00000| Untracked 
|  53|0x0000000086b00000, 0x0000000086b00000, 0x0000000086c00000|  0%| F|  |TAMS 0x0000000086b00000, 0x0000000086b00000| Untracked 
|  54|0x0000000086c00000, 0x0000000086c00000, 0x0000000086d00000|  0%| F|  |TAMS 0x0000000086c00000, 0x0000000086c00000| Untracked 
|  55|0x0000000086d00000, 0x0000000086d00000, 0x0000000086e00000|  0%| F|  |TAMS 0x0000000086d00000, 0x0000000086d00000| Untracked 
|  56|0x0000000086e00000, 0x0000000086e00000, 0x0000000086f00000|  0%| F|  |TAMS 0x0000000086e00000, 0x0000000086e00000| Untracked 
|  57|0x0000000086f00000, 0x0000000086f00000, 0x0000000087000000|  0%| F|  