#
# A fatal error has been detected by the Java Runtime Environment:
#
#  SIGSEGV (0xb) at pc=0x00007fabf46e1401, pid=8989, tid=29101
#
# JRE version: OpenJDK Runtime Environment (11.0.6+10) (build 11.0.6+10-post-Ubuntu-1ubuntu118.04.1)
# Java VM: OpenJDK 64-Bit Server VM (11.0.6+10-post-Ubuntu-1ubuntu118.04.1, mixed mode, sharing, tiered, compressed oops, g1 gc, linux-amd64)
# Problematic frame:
# C  [libjimage.so+0x2401]
#
# No core dump will be written. Core dumps have been disabled. To enable core dumping, try "ulimit -c unlimited" before starting Java again
#
# If you would like to submit a bug report, please visit:
#   https://bugs.launchpad.net/ubuntu/+source/openjdk-lts
#

---------------  S U M M A R Y ------------

Command Line: -Dfile.encoding=UTF-8 es.neifi.Gestiongym.MainForm

Host: AMD Ryzen 5 1500X Quad-Core Processor, 8 cores, 7G, Linux Mint 19.1 Tessa
Time: Wed Mar 11 20:02:52 2020 CET elapsed time: 19584 seconds (0d 5h 26m 24s)

---------------  T H R E A D  ---------------

Current thread (0x00007fab6800b000):  JavaThread "XToolkt-Shutdown-Thread" [_thread_in_vm, id=29101, stack(0x00007fabefeff000,0x00007fabf0000000)]

Stack: [0x00007fabefeff000,0x00007fabf0000000],  sp=0x00007fabefffcfc0,  free space=1015k
Native frames: (J=compiled Java code, A=aot compiled Java code, j=interpreted, Vv=VM code, C=native code)
C  [libjimage.so+0x2401]
C  [libjimage.so+0x30ea]
C  [libjimage.so+0x35c6]  JIMAGE_FindResource+0xd6
V  [libjvm.so+0x59098e]
V  [libjvm.so+0x5936f0]
V  [libjvm.so+0xd49c05]
V  [libjvm.so+0xd4759a]
V  [libjvm.so+0xd4a192]
V  [libjvm.so+0x646187]
V  [libjvm.so+0xa3788a]
V  [libjvm.so+0x83e9f6]
V  [libjvm.so+0x83f8ed]
j  sun.awt.X11.XToolkit.lambda$init$0()V+0 java.desktop@11.0.6
j  sun.awt.X11.XToolkit$$Lambda$9.run()V+4 java.desktop@11.0.6
j  java.lang.Thread.run()V+11 java.base@11.0.6
v  ~StubRoutines::call_stub
V  [libjvm.so+0x8493b9]
V  [libjvm.so+0x8474fd]
V  [libjvm.so+0x8f20dc]
V  [libjvm.so+0xd83203]
V  [libjvm.so+0xd834d5]
V  [libjvm.so+0xd7f20a]
V  [libjvm.so+0xbcf1fe]

Java frames: (J=compiled Java code, j=interpreted, Vv=VM code)
j  sun.awt.X11.XToolkit.lambda$init$0()V+0 java.desktop@11.0.6
j  sun.awt.X11.XToolkit$$Lambda$9.run()V+4 java.desktop@11.0.6
j  java.lang.Thread.run()V+11 java.base@11.0.6
v  ~StubRoutines::call_stub

siginfo: si_signo: 11 (SIGSEGV), si_code: 1 (SEGV_MAPERR), si_addr: 0x00007fabe7926f28

Register to memory mapping:

RAX=0x0000000000005bc3 is an unknown value
RBX=0x00007fabefffd071 is pointing into the stack for thread: 0x00007fab6800b000
RCX=0x00007fabe791001c is an unknown value
RDX=0x0000000000005bc3 is an unknown value
RSP=0x00007fabefffcfc0 is pointing into the stack for thread: 0x00007fab6800b000
RBP=0x00007fabefffcfe0 is pointing into the stack for thread: 0x00007fab6800b000
RSI=0x00007fabefffd070 is pointing into the stack for thread: 0x00007fab6800b000
RDI=0x00007fabf48e4130: <offset 0x0000000000205130> in /usr/lib/jvm/java-11-openjdk-amd64/lib/libjimage.so at 0x00007fabf46df000
R8 =0x0 is NULL
R9 =
[error occurred during error reporting (printing register info), id 0xb, SIGSEGV (0xb) at pc=0x00007fabf69d7e20]

Registers:
RAX=0x0000000000005bc3, RBX=0x00007fabefffd071, RCX=0x00007fabe791001c, RDX=0x0000000000005bc3
RSP=0x00007fabefffcfc0, RBP=0x00007fabefffcfe0, RSI=0x00007fabefffd070, RDI=0x00007fabf48e4130
R8 =0x0000000000000000, R9 =0x00000000ca0d71f0, R10=0x00007fabefffd094, R11=0x50796172546d6574
R12=0x00007fabefffd070, R13=0x00000000000083a0, R14=0x00007fabefffe108, R15=0x00007faba0021ce0
RIP=0x00007fabf46e1401, EFLAGS=0x0000000000010212, CSGSFS=0x002b000000000033, ERR=0x0000000000000004
  TRAPNO=0x000000000000000e

Top of Stack: (sp=0x00007fabefffcfc0)
0x00007fabefffcfc0:   0000000000000000 00007fabf0021f90
0x00007fabefffcfd0:   0000000000000000 00007fabefffd070
0x00007fabefffcfe0:   00007fabefffd050 00007fabf46e20ea
0x00007fabefffcff0:   0000000000000000 0000000000000000 

Instructions: (pc=0x00007fabf46e1401)
0x00007fabf46e1301:   c5 4c 01 e3 48 89 ce e8 d3 f3 ff ff e9 69 fd ff
0x00007fabf46e1311:   ff 89 d1 0f b7 74 08 fe 66 41 89 74 0e fe e9 7a
0x00007fabf46e1321:   fe ff ff 0f 1f 40 00 8b 08 49 8d 1c 16 41 89 0e
0x00007fabf46e1331:   89 d1 8b 74 08 fc 41 89 74 0e fc 48 8d 34 10 48
0x00007fabf46e1341:   89 75 b8 e9 0b fe ff ff 0f 1f 80 00 00 00 00 0f
0x00007fabf46e1351:   b6 17 55 89 f0 48 89 e5 84 d2 74 22 48 8d 4f 01
0x00007fabf46e1361:   0f 1f 80 00 00 00 00 48 83 c1 01 0f b6 f2 0f b6
0x00007fabf46e1371:   51 ff 69 c0 93 01 00 01 31 f0 84 d2 75 e9 25 ff
0x00007fabf46e1381:   ff ff 7f 5d c3 66 2e 0f 1f 84 00 00 00 00 00 48
0x00007fabf46e1391:   85 d2 0f 84 dd 00 00 00 85 c9 0f 84 d5 00 00 00
0x00007fabf46e13a1:   55 48 89 e5 41 55 41 54 53 48 8d 5e 01 48 83 ec
0x00007fabf46e13b1:   08 44 0f b6 06 45 84 c0 0f 84 a9 00 00 00 49 89
0x00007fabf46e13c1:   da b8 93 01 00 01 66 0f 1f 84 00 00 00 00 00 49
0x00007fabf46e13d1:   83 c2 01 44 69 c8 93 01 00 01 41 0f b6 c0 45 0f
0x00007fabf46e13e1:   b6 42 ff 44 31 c8 45 84 c0 75 e4 25 ff ff ff 7f
0x00007fabf46e13f1:   41 89 cd 48 89 d1 31 d2 41 f7 f5 49 89 f4 89 d0
0x00007fabf46e1401:   8b 34 81 48 8b 07 ff 50 20 83 f8 00 7e 41 41 0f
0x00007fabf46e1411:   b6 14 24 84 d2 74 1c 0f 1f 84 00 00 00 00 00 69
0x00007fabf46e1421:   c0 93 01 00 01 48 83 c3 01 31 d0 0f b6 53 ff 84
0x00007fabf46e1431:   d2 75 ec 25 ff ff ff 7f 31 d2 41 f7 f5 48 83 c4
0x00007fabf46e1441:   08 89 d0 5b 41 5c 41 5d 5d c3 0f 1f 44 00 00 74
0x00007fabf46e1451:   1d f7 d0 48 83 c4 08 89 c2 5b 89 d0 41 5c 41 5d
0x00007fabf46e1461:   5d c3 0f 1f 44 00 00 b8 93 01 00 01 eb 82 ba ff
0x00007fabf46e1471:   ff ff ff eb c8 83 ca ff 89 d0 c3 0f 1f 40 00 0f
0x00007fabf46e1481:   b6 17 55 48 89 f8 48 89 e5 84 d2 75 15 eb 1a 38
0x00007fabf46e1491:   ca 75 1c 48 83 c0 01 0f b6 10 48 83 c6 01 84 d2
0x00007fabf46e14a1:   74 07 0f b6 0e 84 c9 75 e6 5d c3 0f 1f 40 00 31
0x00007fabf46e14b1:   c0 5d c3 66 90 66 2e 0f 1f 84 00 00 00 00 00 55
0x00007fabf46e14c1:   48 85 f6 48 89 e5 74 57 0f 1f 80 00 00 00 00 0f
0x00007fabf46e14d1:   b6 06 84 c0 74 49 0f b6 d0 83 e0 07 c1 fa 03 44
0x00007fabf46e14e1:   8d 50 01 0f b6 c0 41 89 d1 48 8d 56 01 4c 8d 44
0x00007fabf46e14f1:   06 02 31 c0 0f 1f 00 0f b6 0a 48 c1 e0 08 48 83 


Stack slot to memory mapping:
stack at sp + 0 slots: 0x0 is NULL
stack at sp + 1 slots: 0x00007fabf0021f90 points into unknown readable memory: 50 0f 00 7c ab 7f 00 00
stack at sp + 2 slots: 0x0 is NULL
stack at sp + 3 slots: 0x00007fabefffd070 is pointing into the stack for thread: 0x00007fab6800b000
stack at sp + 4 slots: 0x00007fabefffd050 is pointing into the stack for thread: 0x00007fab6800b000
stack at sp + 5 slots: 0x00007fabf46e20ea: <offset 0x00000000000030ea> in /usr/lib/jvm/java-11-openjdk-amd64/lib/libjimage.so at 0x00007fabf46df000
stack at sp + 6 slots: 0x0 is NULL
stack at sp + 7 slots: 0x0 is NULL


---------------  P R O C E S S  ---------------

Threads class SMR info:
_java_thread_list=0x00007fab68001150, length=19, elements={
0x00007fabf0123000, 0x00007fabf0125000, 0x00007fabf012a000, 0x00007fabf012c800,
0x00007fabf012e800, 0x00007fabf0130800, 0x00007fabf0177800, 0x00007fabf017c800,
0x00007fabf02dc000, 0x00007fabf0306000, 0x00007fabf030a000, 0x00007fabf030b800,
0x00007fabf0015000, 0x00007fab74296800, 0x00007faba8001000, 0x00007faba8002800,
0x00007faba8004000, 0x00007fab6800b000, 0x00007fab6800c800
}

Java Threads: ( => current thread )
  0x00007fabf0123000 JavaThread "Reference Handler" daemon [_thread_blocked, id=9002, stack(0x00007fabcc3d1000,0x00007fabcc4d2000)]
  0x00007fabf0125000 JavaThread "Finalizer" daemon [_thread_blocked, id=9003, stack(0x00007fabcc2d0000,0x00007fabcc3d1000)]
  0x00007fabf012a000 JavaThread "Signal Dispatcher" daemon [_thread_blocked, id=9004, stack(0x00007fabcc1cf000,0x00007fabcc2d0000)]
  0x00007fabf012c800 JavaThread "C2 CompilerThread0" daemon [_thread_blocked, id=9005, stack(0x00007fabcc0ce000,0x00007fabcc1cf000)]
  0x00007fabf012e800 JavaThread "C1 CompilerThread0" daemon [_thread_blocked, id=9006, stack(0x00007fabafaeb000,0x00007fabafbec000)]
  0x00007fabf0130800 JavaThread "Sweeper thread" daemon [_thread_blocked, id=9007, stack(0x00007fabaf9ea000,0x00007fabafaeb000)]
  0x00007fabf0177800 JavaThread "Service Thread" daemon [_thread_blocked, id=9008, stack(0x00007fabaf8e9000,0x00007fabaf9ea000)]
  0x00007fabf017c800 JavaThread "Common-Cleaner" daemon [_thread_blocked, id=9010, stack(0x00007fabaf6e6000,0x00007fabaf7e7000)]
  0x00007fabf02dc000 JavaThread "Java2D Disposer" daemon [_thread_blocked, id=9014, stack(0x00007fab8d5bd000,0x00007fab8d6be000)]
  0x00007fabf0306000 JavaThread "AWT-XAWT" daemon [_thread_in_native, id=9015, stack(0x00007fab8d4bc000,0x00007fab8d5bd000)]
  0x00007fabf030a000 JavaThread "AWT-Shutdown" [_thread_blocked, id=9016, stack(0x00007fab8d3bb000,0x00007fab8d4bc000)]
  0x00007fabf030b800 JavaThread "AWT-EventQueue-0" [_thread_blocked, id=9017, stack(0x00007fab8d2ba000,0x00007fab8d3bb000)]
  0x00007fabf0015000 JavaThread "DestroyJavaVM" [_thread_blocked, id=8995, stack(0x00007fabf841b000,0x00007fabf851c000)]
  0x00007fab74296800 JavaThread "TimerQueue" daemon [_thread_blocked, id=9020, stack(0x00007fab8cba6000,0x00007fab8cca7000)]
  0x00007faba8001000 JavaThread "SIGHUP handler" daemon [_thread_blocked, id=28793, stack(0x00007fab8d1b9000,0x00007fab8d2ba000)]
  0x00007faba8002800 JavaThread "SIGTERM handler" daemon [_thread_blocked, id=28816, stack(0x00007fab5f5f9000,0x00007fab5f6fa000)]
  0x00007faba8004000 JavaThread "SIGTERM handler" daemon [_thread_blocked, id=28869, stack(0x00007fab5f4f8000,0x00007fab5f5f9000)]
=>0x00007fab6800b000 JavaThread "XToolkt-Shutdown-Thread" [_thread_in_vm, id=29101, stack(0x00007fabefeff000,0x00007fabf0000000)]
  0x00007fab6800c800 JavaThread "Logging-Cleaner" [_thread_blocked, id=29102, stack(0x00007fabefdfe000,0x00007fabefeff000)]

Other Threads:
  0x00007fabf0120000 VMThread "VM Thread" [stack: 0x00007fabcc4d4000,0x00007fabcc5d4000] [id=9001]
  0x00007fabf017a000 WatcherThread [stack: 0x00007fabaf7e9000,0x00007fabaf8e9000] [id=9009]
  0x00007fabf002d800 GCTaskThread "GC Thread#0" [stack: 0x00007fabf4409000,0x00007fabf4509000] [id=8996]
  0x00007fabbc001000 GCTaskThread "GC Thread#1" [stack: 0x00007fab8c1c8000,0x00007fab8c2c8000] [id=9023]
  0x00007fabbc002800 GCTaskThread "GC Thread#2" [stack: 0x00007fab8c0c6000,0x00007fab8c1c6000] [id=9024]
  0x00007fabbc004800 GCTaskThread "GC Thread#3" [stack: 0x00007fab5ff00000,0x00007fab60000000] [id=9025]
  0x00007fabbc006000 GCTaskThread "GC Thread#4" [stack: 0x00007fab5fdfe000,0x00007fab5fefe000] [id=9026]
  0x00007fabbc008000 GCTaskThread "GC Thread#5" [stack: 0x00007fab5fcfc000,0x00007fab5fdfc000] [id=9027]
  0x00007fabf005f800 ConcurrentGCThread "G1 Main Marker" [stack: 0x00007fabd8027000,0x00007fabd8127000] [id=8997]
  0x00007fabf0061800 ConcurrentGCThread "G1 Conc#0" [stack: 0x00007fabcf8e6000,0x00007fabcf9e6000] [id=8998]
  0x00007fabf00ec000 ConcurrentGCThread "G1 Refine#0" [stack: 0x00007fabccfdc000,0x00007fabcd0dc000] [id=8999]
  0x00007fabf00ee000 ConcurrentGCThread "G1 Young RemSet Sampling" [stack: 0x00007fabcceda000,0x00007fabccfda000] [id=9000]

Threads with active compile tasks:

VM state:synchronizing (normal execution)

VM Mutex/Monitor currently owned by a thread:  ([mutex/lock_event])
[0x00007fabf00110b0] Threads_lock - owner thread: 0x00007fabf0120000

Heap address: 0x0000000083600000, size: 1994 MB, Compressed Oops mode: 32-bit
Narrow klass base: 0x0000000800000000, Narrow klass shift: 3
Compressed class space size: 1073741824 Address: 0x0000000840000000

Heap:
 garbage-first heap   total 131072K, used 16649K [0x0000000083600000, 0x0000000100000000)
  region size 1024K, 16 young (16384K), 3 survivors (3072K)
 Metaspace       used 18153K, capacity 18808K, committed 19072K, reserved 1067008K
  class space    used 2112K, capacity 2406K, committed 2432K, reserved 1048576K
Heap Regions: E=young(eden), S=young(survivor), O=old, HS=humongous(starts), HC=humongous(continues), CS=collection set, F=free, A=archive, TAMS=top-at-mark-start (previous, next)
|   0|0x0000000083600000, 0x0000000083691600, 0x0000000083700000| 56%| O|  |TAMS 0x0000000083600000, 0x0000000083600000| Untracked 
|   1|0x0000000083700000, 0x0000000083700000, 0x0000000083800000|  0%| F|  |TAMS 0x0000000083700000, 0x0000000083700000| Untracked 
|   2|0x0000000083800000, 0x0000000083800000, 0x0000000083900000|  0%| F|  |TAMS 0x0000000083800000, 0x0000000083800000| Untracked 
|   3|0x0000000083900000, 0x0000000083900000, 0x0000000083a00000|  0%| F|  |TAMS 0x0000000083900000, 0x0000000083900000| Untracked 
|   4|0x0000000083a00000, 0x0000000083a00000, 0x0000000083b00000|  0%| F|  |TAMS 0x0000000083a00000, 0x0000000083a00000| Untracked 
|   5|0x0000000083b00000, 0x0000000083b00000, 0x0000000083c00000|  0%| F|  |TAMS 0x0000000083b00000, 0x0000000083b00000| Untracked 
|   6|0x0000000083c00000, 0x0000000083c00000, 0x0000000083d00000|  0%| F|  |TAMS 0x0000000083c00000, 0x0000000083c00000| Untracked 
|   7|0x0000000083d00000, 0x0000000083d00000, 0x0000000083e00000|  0%| F|  |TAMS 0x0000000083d00000, 0x0000000083d00000| Untracked 
|   8|0x0000000083e00000, 0x0000000083e00000, 0x0000000083f00000|  0%| F|  |TAMS 0x0000000083e00000, 0x0000000083e00000| Untracked 
|   9|0x0000000083f00000, 0x0000000083f00000, 0x0000000084000000|  0%| F|  |TAMS 0x0000000083f00000, 0x0000000083f00000| Untracked 
|  10|0x0000000084000000, 0x0000000084000000, 0x0000000084100000|  0%| F|  |TAMS 0x0000000084000000, 0x0000000084000000| Untracked 
|  11|0x0000000084100000, 0x0000000084100000, 0x0000000084200000|  0%| F|  |TAMS 0x0000000084100000, 0x0000000084100000| Untracked 
|  12|0x0000000084200000, 0x0000000084200000, 0x0000000084300000|  0%| F|  |TAMS 0x0000000084200000, 0x0000000084200000| Untracked 
|  13|0x0000000084300000, 0x0000000084300000, 0x0000000084400000|  0%| F|  |TAMS 0x0000000084300000, 0x0000000084300000| Untracked 
|  14|0x0000000084400000, 0x0000000084400000, 0x0000000084500000|  0%| F|  |TAMS 0x0000000084400000, 0x0000000084400000| Untracked 
|  15|0x0000000084500000, 0x0000000084500000, 0x0000000084600000|  0%| F|  |TAMS 0x0000000084500000, 0x0000000084500000| Untracked 
|  16|0x0000000084600000, 0x0000000084600000, 0x0000000084700000|  0%| F|  |TAMS 0x0000000084600000, 0x0000000084600000| Untracked 
|  17|0x0000000084700000, 0x0000000084700000, 0x0000000084800000|  0%| F|  |TAMS 0x0000000084700000, 0x0000000084700000| Untracked 
|  18|0x0000000084800000, 0x0000000084800000, 0x0000000084900000|  0%| F|  |TAMS 0x0000000084800000, 0x0000000084800000| Untracked 
|  19|0x0000000084900000, 0x0000000084900000, 0x0000000084a00000|  0%| F|  |TAMS 0x0000000084900000, 0x0000000084900000| Untracked 
|  20|0x0000000084a00000, 0x0000000084a00000, 0x0000000084b00000|  0%| F|  |TAMS 0x0000000084a00000, 0x0000000084a00000| Untracked 
|  21|0x0000000084b00000, 0x0000000084b00000, 0x0000000084c00000|  0%| F|  |TAMS 0x0000000084b00000, 0x0000000084b00000| Untracked 
|  22|0x0000000084c00000, 0x0000000084c00000, 0x0000000084d00000|  0%| F|  |TAMS 0x0000000084c00000, 0x0000000084c00000| Untracked 
|  23|0x0000000084d00000, 0x0000000084d00000, 0x0000000084e00000|  0%| F|  |TAMS 0x0000000084d00000, 0x0000000084d00000| Untracked 
|  24|0x0000000084e00000, 0x0000000084e00000, 0x0000000084f00000|  0%| F|  |TAMS 0x0000000084e00000, 0x0000000084e00000| Untracked 
|  25|0x0000000084f00000, 0x0000000084f00000, 0x0000000085000000|  0%| F|  |TAMS 0x0000000084f00000, 0x0000000084f00000| Untracked 
|  26|0x0000000085000000, 0x0000000085000000, 0x0000000085100000|  0%| F|  |TAMS 0x0000000085000000, 0x0000000085000000| Untracked 
|  27|0x0000000085100000, 0x0000000085100000, 0x0000000085200000|  0%| F|  |TAMS 0x0000000085100000, 0x0000000085100000| Untracked 
|  28|0x0000000085200000, 0x0000000085200000, 0x0000000085300000|  0%| F|  |TAMS 0x0000000085200000, 0x0000000085200000| Untracked 
|  29|0x0000000085300000, 0x0000000085300000, 0x0000000085400000|  0%| F|  |TAMS 0x0000000085300000, 0x0000000085300000| Untracked 
|  30|0x0000000085400000, 0x0000000085400000, 0x0000000085500000|  0%| F|  |TAMS 0x0000000085400000, 0x0000000085400000| Untracked 
|  31|0x0000000085500000, 0x0000000085500000, 0x0000000085600000|  0%| F|  |TAMS 0x0000000085500000, 0x0000000085500000| Untracked 
|  32|0x0000000085600000, 0x0000000085600000, 0x0000000085700000|  0%| F|  |TAMS 0x0000000085600000, 0x0000000085600000| Untracked 
|  33|0x0000000085700000, 0x0000000085700000, 0x0000000085800000|  0%| F|  |TAMS 0x0000000085700000, 0x0000000085700000| Untracked 
|  34|0x0000000085800000, 0x0000000085800000, 0x0000000085900000|  0%| F|  |TAMS 0x0000000085800000, 0x0000000085800000| Untracked 
|  35|0x0000000085900000, 0x0000000085900000, 0x0000000085a00000|  0%| F|  |TAMS 0x0000000085900000, 0x0000000085900000| Untracked 
|  36|0x0000000085a00000, 0x0000000085a00000, 0x0000000085b00000|  0%| F|  |TAMS 0x0000000085a00000, 0x0000000085a00000| Untracked 
|  37|0x0000000085b00000, 0x0000000085b00000, 0x0000000085c00000|  0%| F|  |TAMS 0x0000000085b00000, 0x0000000085b00000| Untracked 
|  38|0x0000000085c00000, 0x0000000085c00000, 0x0000000085d00000|  0%| F|  |TAMS 0x0000000085c00000, 0x0000000085c00000| Untracked 
|  39|0x0000000085d00000, 0x0000000085d00000, 0x0000000085e00000|  0%| F|  |TAMS 0x0000000085d00000, 0x0000000085d00000| Untracked 
|  40|0x0000000085e00000, 0x0000000085e00000, 0x0000000085f00000|  0%| F|  |TAMS 0x0000000085e00000, 0x0000000085e00000| Untracked 
|  41|0x0000000085f00000, 0x0000000085f00000, 0x0000000086000000|  0%| F|  |TAMS 0x0000000085f00000, 0x0000000085f00000| Untracked 
|  42|0x0000000086000000, 0x0000000086000000, 0x0000000086100000|  0%| F|  |TAMS 0x0000000086000000, 0x0000000086000000| Untracked 
|  43|0x0000000086100000, 0x0000000086100000, 0x0000000086200000|  0%| F|  |TAMS 0x0000000086100000, 0x0000000086100000| Untracked 
|  44|0x0000000086200000, 0x0000000086200000, 0x0000000086300000|  0%| F|  |TAMS 0x0000000086200000, 0x0000000086200000| Untracked 
|  45|0x0000000086300000, 0x0000000086300000, 0x0000000086400000|  0%| F|  |TAMS 0x0000000086300000, 0x0000000086300000| Untracked 
|  46|0x0000000086400000, 0x0000000086400000, 0x0000000086500000|  0%| F|  |TAMS 0x0000000086400000, 0x0000000086400000| Untracked 
|  47|0x0000000086500000, 0x0000000086500000, 0x0000000086600000|  0%| F|  |TAMS 0x0000000086500000, 0x0000000086500000| Untracked 
|  48|0x0000000086600000, 0x0000000086600000, 0x0000000086700000|  0%| F|  |TAMS 0x0000000086600000, 0x0000000086600000| Untracked 
|  49|0x0000000086700000, 0x0000000086700000, 0x0000000086800000|  0%| F|  |TAMS 0x0000000086700000, 0x0000000086700000| Untracked 
|  50|0x0000000086800000, 0x0000000086800000, 0x0000000086900000|  0%| F|  |TAMS 0x0000000086800000, 0x0000000086800000| Untracked 
|  51|0x0000000086900000, 0x0000000086900000, 0x0000000086a00000|  0%| F|  |TAMS 0x0000000086900000, 0x0000000086900000| Untracked 
|  52|0x0000000086a00000, 0x0000000086a00000, 0x0000000086b00000|  0%| F|  |TAMS 0x0000000086a00000, 0x0000000086a00000| Untracked 
|  53|0x0000000086b00000, 0x0000000086b00000, 0x0000000086c00000|  0%| F|  |TAMS 0x0000000086b00000, 0x0000000086b00000| Untracked 
|  54|0x0000000086c00000, 0x0000000086c00000, 0x0000000086d00000|  0%| F|  |TAMS 0x0000000086c00000, 0x0000000086c00000| Untracked 
|  55|0x0000000086d00000, 0x0000000086d00000, 0x0000000086e00000|  0%| F|  |TAMS 0x0000000086d00000, 0x0000000086d00000| Untracked 
|  56|0x0000000086e00000, 0x0000000086e00000, 0x0000000086f00000|  0%| F|  |TAMS 0x0000000086e00000, 0x0000000086e00000| Untracked 
|  57|0x0000000086f00000, 0x0000000086f00000, 0x0000000087000000|  0%| F|  |TAMS 0x0000000086f00000, 0x0000000086f00000| Untracked 
|  58|0x0000000087000000, 0x0000000087000000, 0x0000000087100000|  0%| F|  |TAMS 0x0000000087000000, 0x0000000087000000| Untracked 
|  59|0x0000000087100000, 0x0000000087100000, 0x0000000087200000|  0%| F|  |TAMS 0x0000000087100000, 0x0000000087100000| Untracked 
|  60|0x0000000087200000, 0x0000000087200000, 0x0000000087300000|  0%| F|  |TAMS 0x0000000087200000, 0x0000000087200000| Untracked 
|  61|0x0000000087300000, 0x0000000087300000, 0x0000000087400000|  0%| F|  |TAMS 0x0000000087300000, 0x0000000087300000| Untracked 
|  62|0x0000000087400000, 0x0000000087400000, 0x0000000087500000|  0%| F|  |TAMS 0x0000000087400000, 0x0000000087400000| Untracked 
|  63|0x0000000087500000, 0x0000000087500000, 0x0000000087600000|  0%| F|  |TAMS 0x0000000087500000, 0x0000000087500000| Untracked 
|  64|0x0000000087600000, 0x0000000087600000, 0x0000000087700000|  0%| F|  |TAMS 0x0000000087600000, 0x0000000087600000| Untracked 
|  65|0x0000000087700000, 0x0000000087700000, 0x0000000087800000|  0%| F|  |TAMS 0x0000000087700000, 0x0000000087700000| Untracked 
|  66|0x0000000087800000, 0x0000000087800000, 0x0000000087900000|  0%| F|  |TAMS 0x0000000087800000, 0x0000000087800000| Untracked 
|  67|0x0000000087900000, 0x0000000087900000, 0x0000000087a00000|  0%| F|  |TAMS 0x0000000087900000, 0x0000000087900000| Untracked 
|  68|0x0000000087a00000, 0x0000000087a00000, 0x0000000087b00000|  0%| F|  |TAMS 0x0000000087a00000, 0x0000000087a00000| Untracked 
|  69|0x0000000087b00000, 0x0000000087b00000, 0x0000000087c00000|  0%| F|  |TAMS 0x0000000087b00000, 0x0000000087b00000| Untracked 
|  70|0x0000000087c00000, 0x0000000087c00000, 0x0000000087d00000|  0%| F|  |TAMS 0x0000000087c00000, 0x0000000087c00000| Untracked 
|  71|0x0000000087d00000, 0x0000000087d00000, 0x0000000087e00000|  0%| F|  |TAMS 0x0000000087d00000, 0x0000000087d00000| Untracked 
|  72|0x0000000087e00000, 0x0000000087e00000, 0x0000000087f00000|  0%| F|  |TAMS 0x0000000087e00000, 0x0000000087e00000| Untracked 
|  73|0x0000000087f00000, 0x0000000087f00000, 0x0000000088000000|  0%| F|  |TAMS 0x0000000087f00000, 0x0000000087f00000| Untracked 
|  74|0x0000000088000000, 0x0000000088000000, 0x0000000088100000|  0%| F|  |TAMS 0x0000000088000000, 0x0000000088000000| Untracked 
|  75|0x0000000088100000, 0x0000000088100000, 0x0000000088200000|  0%| F|  |TAMS 0x0000000088100000, 0x0000000088100000| Untracked 
|  76|0x0000000088200000, 0x0000000088200000, 0x0000000088300000|  0%| F|  |TAMS 0x0000000088200000, 0x0000000088200000| Untracked 
|  77|0x0000000088300000, 0x0000000088300000, 0x0000000088400000|  0%| F|  |TAMS 0x0000000088300000, 0x0000000088300000| Untracked 
|  78|0x0000000088400000, 0x0000000088400000, 0x0000000088500000|  0%| F|  |TAMS 0x0000000088400000, 0x0000000088400000| Untracked 
|  79|0x0000000088500000, 0x0000000088500000, 0x0000000088600000|  0%| F|  |TAMS 0x0000000088500000, 0x0000000088500000| Untracked 
|  80|0x0000000088600000, 0x0000000088600000, 0x0000000088700000|  0%| F|  |TAMS 0x0000000088600000, 0x0000000088600000| Untracked 
|  81|0x0000000088700000, 0x0000000088700000, 0x0000000088800000|  0%| F|  |TAMS 0x0000000088700000, 0x0000000088700000| Untracked 
|  82|0x0000000088800000, 0x0000000088800000, 0x0000000088900000|  0%| F|  |TAMS 0x0000000088800000, 0x0000000088800000| Untracked 
|  83|0x0000000088900000, 0x0000000088900000, 0x0000000088a00000|  0%| F|  |TAMS 0x0000000088900000, 0x0000000088900000| Untracked 
|  84|0x0000000088a00000, 0x0000000088a00000, 0x0000000088b00000|  0%| F|  |TAMS 0x0000000088a00000, 0x0000000088a00000| Untracked 
|  85|0x0000000088b00000, 0x0000000088b00000, 0x0000000088c00000|  0%| F|  |TAMS 0x0000000088b00000, 0x0000000088b00000| Untracked 
|  86|0x0000000088c00000, 0x0000000088c00000, 0x0000000088d00000|  0%| F|  |TAMS 0x0000000088c00000, 0x0000000088c00000| Untracked 
|  87|0x0000000088d00000, 0x0000000088d00000, 0x0000000088e00000|  0%| F|  |TAMS 0x0000000088d00000, 0x0000000088d00000| Untracked 
|  88|0x0000000088e00000, 0x0000000088e00000, 0x0000000088f00000|  0%| F|  |TAMS 0x0000000088e00000, 0x0000000088e00000| Untracked 
|  89|0x0000000088f00000, 0x0000000088f00000, 0x0000000089000000|  0%| F|  |TAMS 0x0000000088f00000, 0x0000000088f00000| Untracked 
|  90|0x0000000089000000, 0x0000000089000000, 0x0000000089100000|  0%| F|  |TAMS 0x0000000089000000, 0x0000000089000000| Untracked 
|  91|0x0000000089100000, 0x0000000089100000, 0x0000000089200000|  0%| F|  |TAMS 0x0000000089100000, 0x0000000089100000| Untracked 
|  92|0x0000000089200000, 0x0000000089200000, 0x0000000089300000|  0%| F|  |TAMS 0x0000000089200000, 0x0000000089200000| Untracked 
|  93|0x0000000089300000, 0x0000000089300000, 0x0000000089400000|  0%| F|  |TAMS 0x0000000089300000, 0x0000000089300000| Untracked 
|  94|0x0000000089400000, 0x0000000089400000, 0x0000000089500000|  0%| F|  |TAMS 0x0000000089400000, 0x0000000089400000| Untracked 
|  95|0x0000000089500000, 0x0000000089500000, 0x0000000089600000|  0%| F|  |TAMS 0x0000000089500000, 0x0000000089500000| Untracked 
|  96|0x0000000089600000, 0x0000000089600000, 0x0000000089700000|  0%| F|  |TAMS 0x0000000089600000, 0x0000000089600000| Untracked 
|  97|0x0000000089700000, 0x0000000089700000, 0x0000000089800000|  0%| F|  |TAMS 0x0000000089700000, 0x0000000089700000| Untracked 
|  98|0x0000000089800000, 0x0000000089800000, 0x0000000089900000|  0%| F|  |TAMS 0x0000000089800000, 0x0000000089800000| Untracked 
|  99|0x0000000089900000, 0x0000000089a00000, 0x0000000089a00000|100%| S|CS|TAMS 0x0000000089900000, 0x0000000089900000| Complete 
| 100|0x0000000089a00000, 0x0000000089b00000, 0x0000000089b00000|100%| S|CS|TAMS 0x0000000089a00000, 0x0000000089a00000| Complete 
| 101|0x0000000089b00000, 0x0000000089c00000, 0x0000000089c00000|100%| S|CS|TAMS 0x0000000089b00000, 0x0000000089b00000| Complete 
| 102|0x0000000089c00000, 0x0000000089c00000, 0x0000000089d00000|  0%| F|  |TAMS 0x0000000089c00000, 0x0000000089c00000| Untracked 
| 103|0x0000000089d00000, 0x0000000089d00000, 0x0000000089e00000|  0%| F|  |TAMS 0x0000000089d00000, 0x0000000089d00000| Untracked 
| 104|0x0000000089e00000, 0x0000000089e00000, 0x0000000089f00000|  0%| F|  |TAMS 0x0000000089e00000, 0x0000000089e00000| Untracked 
| 105|0x0000000089f00000, 0x0000000089f00000, 0x000000008a000000|  0%| F|  |TAMS 0x0000000089f00000, 0x0000000089f00000| Untracked 
| 106|0x000000008a000000, 0x000000008a000000, 0x000000008a100000|  0%| F|  |TAMS 0x000000008a000000, 0x000000008a000000| Untracked 
| 107|0x000000008a100000, 0x000000008a100000, 0x000000008a200000|  0%| F|  |TAMS 0x000000008a100000, 0x000000008a100000| Untracked 
| 108|0x000000008a200000, 0x000000008a200000, 0x000000008a300000|  0%| F|  |TAMS 0x000000008a200000, 0x000000008a200000| Untracked 
| 109|0x000000008a300000, 0x000000008a300000, 0x000000008a400000|  0%| F|  |TAMS 0x000000008a300000, 0x000000008a300000| Untracked 
| 110|0x000000008a400000, 0x000000008a400000, 0x000000008a500000|  0%| F|  |TAMS 0x000000008a400000, 0x000000008a400000| Untracked 
| 111|0x000000008a500000, 0x000000008a500000, 0x000000008a600000|  0%| F|  |TAMS 0x000000008a500000, 0x000000008a500000| Untracked 
| 112|0x000000008a600000, 0x000000008a600000, 0x000000008a700000|  0%| F|  |TAMS 0x000000008a600000, 0x000000008a600000| Untracked 
| 113|0x000000008a700000, 0x000000008a800000, 0x000000008a800000|100%| E|  |TAMS 0x000000008a700000, 0x000000008a700000| Complete 
| 114|0x000000008a800000, 0x000000008a900000, 0x000000008a900000|100%| E|CS|TAMS 0x000000008a800000, 0x000000008a800000| Complete 
| 115|0x000000008a900000, 0x000000008aa00000, 0x000000008aa00000|100%| E|CS|TAMS 0x000000008a900000, 0x000000008a900000| Complete 
| 116|0x000000008aa00000, 0x000000008ab00000, 0x000000008ab00000|100%| E|CS|TAMS 0x000000008aa00000, 0x000000008aa00000| Complete 
| 117|0x000000008ab00000, 0x000000008ac00000, 0x000000008ac00000|100%| E|CS|TAMS 0x000000008ab00000, 0x000000008ab00000| Complete 
| 118|0x000000008ac00000, 0x000000008ad00000, 0x000000008ad00000|100%| E|CS|TAMS 0x000000008ac00000, 0x000000008ac00000| Complete 
| 119|0x000000008ad00000, 0x000000008ae00000, 0x000000008ae00000|100%| E|CS|TAMS 0x000000008ad00000, 0x000000008ad00000| Complete 
| 120|0x000000008ae00000, 0x000000008af00000, 0x000000008af00000|100%| E|CS|TAMS 0x000000008ae00000, 0x000000008ae00000| Complete 
| 121|0x000000008af00000, 0x000000008b000000, 0x000000008b000000|100%| E|CS|TAMS 0x000000008af00000, 0x000000008af00000| Complete 
| 122|0x000000008b000000, 0x000000008b100000, 0x000000008b100000|100%| E|CS|TAMS 0x000000008b000000, 0x000000008b000000| Complete 
| 123|0x000000008b100000, 0x000000008b200000, 0x000000008b200000|100%| E|CS|TAMS 0x000000008b100000, 0x000000008b100000| Complete 
| 124|0x000000008b200000, 0x000000008b300000, 0x000000008b300000|100%| E|CS|TAMS 0x000000008b200000, 0x000000008b200000| Complete 
| 125|0x000000008b300000, 0x000000008b400000, 0x000000008b400000|100%| E|CS|TAMS 0x000000008b300000, 0x000000008b300000| Complete 
|1992|0x00000000ffe00000, 0x00000000ffe47000, 0x00000000fff00000| 27%|OA|  |TAMS 0x00000000ffe00000, 0x00000000ffe00000| Untracked 
|1993|0x00000000fff00000, 0x00000000fff6a000, 0x0000000100000000| 41%|CA|  |TAMS 0x00000000fff00000, 0x00000000fff00000| Untracked 

Card table byte_map: [0x00007fabd3c1b000,0x00007fabd4000000] _byte_map_base: 0x00007fabd3800000

Marking Bits (Prev, Next): (CMBitMap*) 0x00007fabf0056b68, (CMBitMap*) 0x00007fabf0056ba0
 Prev Bits: [0x00007fabd190e000, 0x00007fabd3836000)
 Next Bits: [0x00007fabcf9e6000, 0x00007fabd190e000)

Polling page: 0x00007fabf853a000

Metaspace:

Usage:
  Non-class:     16,02 MB capacity,    15,67 MB ( 98%) used,   291,88 KB (  2%) free+waste,    69,06 KB ( <1%) overhead. 
      Class:      2,35 MB capacity,     2,06 MB ( 88%) used,   256,51 KB ( 11%) free+waste,    36,75 KB (  2%) overhead. 
       Both:     18,37 MB capacity,    17,73 MB ( 97%) used,   548,38 KB (  3%) free+waste,   105,81 KB ( <1%) overhead. 

Virtual space:
  Non-class space:       18,00 MB reserved,      16,25 MB ( 90%) committed 
      Class space:        1,00 GB reserved,       2,38 MB ( <1%) committed 
             Both:        1,02 GB reserved,      18,62 MB (  2%) committed 

Chunk freelists:
   Non-Class:  198,00 KB
       Class:  26,00 KB
        Both:  224,00 KB

MaxMetaspaceSize: unlimited
CompressedClassSpaceSize: 1,00 GB

CodeHeap 'non-profiled nmethods': size=120032Kb used=758Kb max_used=758Kb free=119273Kb
 bounds [0x00007fabe03d8000, 0x00007fabe0648000, 0x00007fabe7910000]
CodeHeap 'profiled nmethods': size=120028Kb used=3740Kb max_used=3740Kb free=116288Kb
 bounds [0x00007fabd8ea1000, 0x00007fabd9251000, 0x00007fabe03d8000]
CodeHeap 'non-nmethods': size=5700Kb used=1308Kb max_used=1334Kb free=4391Kb
 bounds [0x00007fabd8910000, 0x00007fabd8b80000, 0x00007fabd8ea1000]
 total_blobs=3221 nmethods=2005 adapters=635
 compilation: enabled
              stopped_count=0, restarted_count=0
 full_count=0

Compilation events (20 events):
Event: 13117,628 Thread 0x00007fabf012e800 1998       3       sun.awt.X11.XClientMessageEvent::get_message_type (20 bytes)
Event: 13117,752 Thread 0x00007fabf012e800 nmethod 1998 0x00007fabd9247790 code [0x00007fabd9247980, 0x00007fabd9247e48]
Event: 13117,752 Thread 0x00007fabf012c800 2000       4       java.util.Vector::<init> (53 bytes)
Event: 13117,827 Thread 0x00007fabf012c800 nmethod 2000 0x00007fabe0488f90 code [0x00007fabe0489140, 0x00007fabe0489818]
Event: 13212,442 Thread 0x00007fabf012c800 2001       4       java.lang.Long::equals (30 bytes)
Event: 13212,443 Thread 0x00007fabf012c800 nmethod 2001 0x00007fabe0489a10 code [0x00007fabe0489ba0, 0x00007fabe0489c78]
Event: 13742,690 Thread 0x00007fabf012c800 2002  s    4       java.util.Vector::iterator (9 bytes)
Event: 13742,694 Thread 0x00007fabf012c800 nmethod 2002 0x00007fabe0489d90 code [0x00007fabe0489f40, 0x00007fabe048a2b8]
Event: 14212,977 Thread 0x00007fabf012c800 2003   !   4       sun.awt.X11.XToolkit$1::dispatchEvent (34 bytes)
Event: 14213,069 Thread 0x00007fabf012c800 nmethod 2003 0x00007fabe048a390 code [0x00007fabe048a560, 0x00007fabe048a7c8]
Event: 15638,228 Thread 0x00007fabf012c800 2005   !   4       sun.awt.X11.XAwtState::getGrabWindow (67 bytes)
Event: 15638,748 Thread 0x00007fabf012c800 nmethod 2005 0x00007fabe048b010 code [0x00007fabe048b200, 0x00007fabe048b690]
Event: 15710,783 Thread 0x00007fabf012c800 2006   !   4       sun.awt.X11.XDragSourceContextPeer::processEvent (34 bytes)
Event: 15710,973 Thread 0x00007fabf012c800 nmethod 2006 0x00007fabe048b990 code [0x00007fabe048bba0, 0x00007fabe048c090]
Event: 15710,973 Thread 0x00007fabf012c800 2008   !   4       sun.awt.X11.XToolkit::dispatchEvent (191 bytes)
Event: 15711,423 Thread 0x00007fabf012c800 nmethod 2008 0x00007fabe048c890 code [0x00007fabe048cde0, 0x00007fabe0490628]
Event: 15925,203 Thread 0x00007fabf012c800 2011       4       sun.awt.X11.XDragSourceContextPeer::processProxyModeEvent (99 bytes)
Event: 15925,251 Thread 0x00007fabf012c800 nmethod 2011 0x00007fabe0495490 code [0x00007fabe0495620, 0x00007fabe04956d8]
Event: 18177,107 Thread 0x00007fabf012c800 2013   !   4       sun.awt.X11.XDragSourceContextPeer::doProcessEvent (689 bytes)
Event: 18177,108 Thread 0x00007fabf012c800 nmethod 2013 0x00007fabe0495790 code [0x00007fabe0495920, 0x00007fabe04959f8]

GC Heap History (2 events):
Event: 4,571 GC heap before
{Heap before GC invocations=0 (full 0):
 garbage-first heap   total 131072K, used 25284K [0x0000000083600000, 0x0000000100000000)
  region size 1024K, 24 young (24576K), 0 survivors (0K)
 Metaspace       used 12412K, capacity 13099K, committed 13312K, reserved 1060864K
  class space    used 1442K, capacity 1762K, committed 1792K, reserved 1048576K
}
Event: 4,586 GC heap after
{Heap after GC invocations=1 (full 0):
 garbage-first heap   total 131072K, used 4361K [0x0000000083600000, 0x0000000100000000)
  region size 1024K, 3 young (3072K), 3 survivors (3072K)
 Metaspace       used 12412K, capacity 13099K, committed 13312K, reserved 1060864K
  class space    used 1442K, capacity 1762K, committed 1792K, reserved 1048576K
}

Deoptimization events (20 events):
Event: 4,773 Thread 0x00007fabf030b800 Uncommon trap: trap_request=0xffffff4d fr.pc=0x00007fabe045ee3c relative=0x000000000000009c
Event: 4,773 Thread 0x00007fabf030b800 Uncommon trap: reason=unstable_if action=reinterpret pc=0x00007fabe045ee3c method=java.lang.CharacterDataLatin1.digit(II)I @ 7 c2
Event: 4,773 Thread 0x00007fabf030b800 DEOPT PACKING pc=0x00007fabe045ee3c sp=0x00007fab8d3b4b10
Event: 4,773 Thread 0x00007fabf030b800 DEOPT UNPACKING pc=0x00007fabd8938a25 sp=0x00007fab8d3b4ab0 mode 2
Event: 4,806 Thread 0x00007fabf030b800 Uncommon trap: trap_request=0xffffffc6 fr.pc=0x00007fabe041f334 relative=0x0000000000000734
Event: 4,806 Thread 0x00007fabf030b800 Uncommon trap: reason=bimorphic_or_optimized_type_check action=maybe_recompile pc=0x00007fabe041f334 method=java.util.concurrent.ConcurrentHashMap.get(Ljava/lang/Object;)Ljava/lang/Object; @ 149 c2
Event: 4,806 Thread 0x00007fabf030b800 DEOPT PACKING pc=0x00007fabe041f334 sp=0x00007fab8d3b50d0
Event: 4,806 Thread 0x00007fabf030b800 DEOPT UNPACKING pc=0x00007fabd8938a25 sp=0x00007fab8d3b5070 mode 2
Event: 4,811 Thread 0x00007fabf030b800 Uncommon trap: trap_request=0xffffffc6 fr.pc=0x00007fabe041f334 relative=0x0000000000000734
Event: 4,811 Thread 0x00007fabf030b800 Uncommon trap: reason=bimorphic_or_optimized_type_check action=maybe_recompile pc=0x00007fabe041f334 method=java.util.concurrent.ConcurrentHashMap.get(Ljava/lang/Object;)Ljava/lang/Object; @ 149 c2
Event: 4,811 Thread 0x00007fabf030b800 DEOPT PACKING pc=0x00007fabe041f334 sp=0x00007fab8d3b50d0
Event: 4,811 Thread 0x00007fabf030b800 DEOPT UNPACKING pc=0x00007fabd8938a25 sp=0x00007fab8d3b5070 mode 2
Event: 19573,981 Thread 0x00007fabf0306000 Uncommon trap: trap_request=0xffffff4d fr.pc=0x00007fabe0487520 relative=0x00000000000009c0
Event: 19574,442 Thread 0x00007fabf0306000 Uncommon trap: reason=unstable_if action=reinterpret pc=0x00007fabe0487520 method=sun.awt.X11.XDropTargetEventProcessor.doProcessEvent(Lsun/awt/X11/XEvent;)Z @ 6 c2
Event: 19574,442 Thread 0x00007fabf0306000 DEOPT PACKING pc=0x00007fabe0487520 sp=0x00007fab8d5bb7f0
Event: 19574,732 Thread 0x00007fabf0306000 DEOPT UNPACKING pc=0x00007fabd8938a25 sp=0x00007fab8d5bb738 mode 2
Event: 19576,277 Thread 0x00007fabf0306000 Uncommon trap: trap_request=0xffffffc6 fr.pc=0x00007fabe048eee8 relative=0x0000000000002108
Event: 19576,277 Thread 0x00007fabf0306000 Uncommon trap: reason=bimorphic_or_optimized_type_check action=maybe_recompile pc=0x00007fabe048eee8 method=sun.awt.X11.XToolkit.dispatchEvent(Lsun/awt/X11/XEvent;)V @ 177 c2
Event: 19576,277 Thread 0x00007fabf0306000 DEOPT PACKING pc=0x00007fabe048eee8 sp=0x00007fab8d5bb790
Event: 19576,278 Thread 0x00007fabf0306000 DEOPT UNPACKING pc=0x00007fabd8938a25 sp=0x00007fab8d5bb798 mode 2

Classes redefined (0 events):
No events

Internal exceptions (20 events):
Event: 0,347 Thread 0x00007fabf030b800 Exception <a 'java/lang/NoSuchMethodError'{0x000000008ab5e648}: 'java.lang.Object java.lang.invoke.DirectMethodHandle$Holder.invokeStatic(java.lang.Object, java.lang.Object, java.lang.Object, java.lang.Object, java.lang.Object, java.lang.Object, java.lang
Event: 0,440 Thread 0x00007fabf030b800 Exception <a 'java/lang/NoSuchMethodError'{0x000000008aa33be0}: 'java.lang.Object java.lang.invoke.DirectMethodHandle$Holder.invokeSpecial(java.lang.Object, java.lang.Object, int, int, java.lang.Object, java.lang.Object, java.lang.Object, java.lang.Object
Event: 0,440 Thread 0x00007fabf030b800 Exception <a 'java/lang/NoSuchMethodError'{0x000000008aa37870}: 'java.lang.Object java.lang.invoke.DelegatingMethodHandle$Holder.reinvoke_L(java.lang.Object, int, int, java.lang.Object, java.lang.Object, java.lang.Object, java.lang.Object, java.lang.Objec
Event: 0,450 Thread 0x00007fabf030b800 Exception <a 'java/lang/NoSuchMethodError'{0x000000008aada058}: 'java.lang.Object java.lang.invoke.Invokers$Holder.linkToTargetMethod(java.lang.Object, java.lang.Object, java.lang.Object, java.lang.Object, java.lang.Object, java.lang.Object)'> (0x00000000
Event: 0,455 Thread 0x00007fabf030b800 Exception <a 'java/lang/NoSuchMethodError'{0x000000008a9471d8}: 'java.lang.Object java.lang.invoke.DirectMethodHandle$Holder.invokeSpecial(java.lang.Object, java.lang.Object, int, int, java.lang.Object, java.lang.Object, java.lang.Object, java.lang.Object
Event: 0,455 Thread 0x00007fabf030b800 Exception <a 'java/lang/NoSuchMethodError'{0x000000008a94abb8}: 'java.lang.Object java.lang.invoke.DelegatingMethodHandle$Holder.reinvoke_L(java.lang.Object, int, int, java.lang.Object, java.lang.Object, java.lang.Object, java.lang.Object)'> (0x000000008a
Event: 0,489 Thread 0x00007fabf030b800 Exception <a 'java/lang/NoSuchMethodError'{0x000000008a70f1b0}: 'java.lang.Object java.lang.invoke.DirectMethodHandle$Holder.invokeStatic(java.lang.Object, java.lang.Object, java.lang.Object, java.lang.Object, java.lang.Object, java.lang.Object, java.lang
Event: 0,490 Thread 0x00007fabf030b800 Exception <a 'java/lang/NoSuchMethodError'{0x000000008a72d138}: 'java.lang.Object java.lang.invoke.DirectMethodHandle$Holder.invokeStatic(java.lang.Object, java.lang.Object, java.lang.Object, java.lang.Object, java.lang.Object, java.lang.Object, java.lang
Event: 0,491 Thread 0x00007fabf030b800 Exception <a 'java/lang/NoSuchMethodError'{0x000000008a74bbc0}: 'java.lang.Object java.lang.invoke.DirectMethodHandle$Holder.invokeStatic(java.lang.Object, java.lang.Object, java.lang.Object, java.lang.Object, java.lang.Object, java.lang.Object, java.lang
Event: 0,492 Thread 0x00007fabf030b800 Exception <a 'java/lang/NoSuchMethodError'{0x000000008a76bcb0}: 'java.lang.Object java.lang.invoke.DirectMethodHandle$Holder.invokeStatic(java.lang.Object, java.lang.Object, java.lang.Object, java.lang.Object, java.lang.Object, java.lang.Object, java.lang
Event: 4,569 Thread 0x00007fabf030b800 Exception <a 'java/lang/NoSuchMethodError'{0x0000000089ce6d70}: 'java.lang.Object java.lang.invoke.DirectMethodHandle$Holder.invokeStaticInit(java.lang.Object, java.lang.Object, java.lang.Object)'> (0x0000000089ce6d70) thrown at [/build/openjdk-lts-iuKaMP
Event: 4,587 Thread 0x00007fabf030b800 Implicit null exception at 0x00007fabe04174bd to 0x00007fabe041885e
Event: 4,626 Thread 0x00007fabf030b800 Exception <a 'java/lang/NoSuchMethodError'{0x000000008b114c98}: 'int java.lang.invoke.DirectMethodHandle$Holder.invokeSpecialIFC(java.lang.Object, java.lang.Object, int)'> (0x000000008b114c98) thrown at [/build/openjdk-lts-iuKaMP/openjdk-lts-11.0.6+10/src
Event: 4,631 Thread 0x00007fabf030b800 Exception <a 'java/lang/NoSuchMethodError'{0x000000008b13a090}: 'int java.lang.invoke.DirectMethodHandle$Holder.invokeStaticInit(java.lang.Object, java.lang.Object, java.lang.Object, java.lang.Object)'> (0x000000008b13a090) thrown at [/build/openjdk-lts-i
Event: 4,631 Thread 0x00007fabf030b800 Exception <a 'java/lang/IncompatibleClassChangeError'{0x000000008b143208}: Found class java.lang.Object, but interface was expected> (0x000000008b143208) thrown at [/build/openjdk-lts-iuKaMP/openjdk-lts-11.0.6+10/src/hotspot/share/interpreter/linkResolver
Event: 4,631 Thread 0x00007fabf030b800 Exception <a 'java/lang/NoSuchMethodError'{0x000000008b1462e0}: 'void java.lang.invoke.DirectMethodHandle$Holder.invokeStaticInit(java.lang.Object, java.lang.Object)'> (0x000000008b1462e0) thrown at [/build/openjdk-lts-iuKaMP/openjdk-lts-11.0.6+10/src/hot
Event: 4,632 Thread 0x00007fabf030b800 Exception <a 'java/lang/NoSuchMethodError'{0x000000008b14be60}: 'int java.lang.invoke.DirectMethodHandle$Holder.invokeStaticInit(java.lang.Object, java.lang.Object)'> (0x000000008b14be60) thrown at [/build/openjdk-lts-iuKaMP/openjdk-lts-11.0.6+10/src/hots
Event: 4,846 Thread 0x00007fabf030b800 Exception <a 'java/lang/NullPointerException'{0x000000008aa47a78}> (0x000000008aa47a78) thrown at [/build/openjdk-lts-iuKaMP/openjdk-lts-11.0.6+10/src/hotspot/share/interpreter/linkResolver.cpp, line 1358]
Event: 4,846 Thread 0x00007fabf030b800 Exception <a 'java/lang/NullPointerException'{0x000000008aa47a78}> (0x000000008aa47a78) thrown at [/build/openjdk-lts-iuKaMP/openjdk-lts-11.0.6+10/src/hotspot/share/prims/jvm.cpp, line 1301]
Event: 4,846 Thread 0x00007fabf030b800 Exception <a 'java/lang/NullPointerException'{0x000000008aa47a78}> (0x000000008aa47a78) thrown at [/build/openjdk-lts-iuKaMP/openjdk-lts-11.0.6+10/src/hotspot/share/prims/jvm.cpp, line 1301]

Events (20 events):
Event: 19579,023 Thread 0x00007faba8001000 Thread added: 0x00007faba8001000
Event: 19579,052 Protecting memory [0x00007fab8d1b9000,0x00007fab8d1bd000] with protection modes 0
Event: 19579,897 Thread 0x00007faba8002800 Thread added: 0x00007faba8002800
Event: 19579,979 Protecting memory [0x00007fab5f5f9000,0x00007fab5f5fd000] with protection modes 0
Event: 19580,080 Executing VM operation: RevokeBias
Event: 19580,080 Thread 0x00007faba8004000 Thread added: 0x00007faba8004000
Event: 19580,128 Protecting memory [0x00007fab5f4f8000,0x00007fab5f4fc000] with protection modes 0
Event: 19582,345 loading class sun/awt/X11/XDestroyWindowEvent done
Event: 19582,346 Executing coalesced safepoint VM operation: RevokeBias
Event: 19582,346 Executing coalesced safepoint VM operation: RevokeBias done
Event: 19582,361 Executing VM operation: RevokeBias done
Event: 19582,561 Executing VM operation: RevokeBias
Event: 19582,650 Executing VM operation: RevokeBias done
Event: 19582,650 Executing VM operation: RevokeBias
Event: 19582,934 Executing VM operation: RevokeBias done
Event: 19583,991 Thread 0x00007fab6800b000 Thread added: 0x00007fab6800b000
Event: 19583,999 Protecting memory [0x00007fabefeff000,0x00007fabeff03000] with protection modes 0
Event: 19584,060 Thread 0x00007fab6800c800 Thread added: 0x00007fab6800c800
Event: 19584,094 Protecting memory [0x00007fabefdfe000,0x00007fabefe02000] with protection modes 0
Event: 19584,660 loading class sun/awt/X11/XSystemTrayPeer


Dynamic libraries:
83600000-8b400000 rw-p 00000000 00:00 0 
8b400000-ffe00000 ---p 00000000 00:00 0 
ffe00000-ffe47000 rw-p 01105000 08:02 1966102                            /usr/lib/jvm/java-11-openjdk-amd64/lib/server/classes.jsa
ffe47000-fff00000 rw-p 00000000 00:00 0 
fff00000-fff6a000 rw-p 0109b000 08:02 1966102                            /usr/lib/jvm/java-11-openjdk-amd64/lib/server/classes.jsa
fff6a000-100000000 rw-p 00000000 00:00 0 
800000000-800002000 rwxp 00001000 08:02 1966102                          /usr/lib/jvm/java-11-openjdk-amd64/lib/server/classes.jsa
800002000-8003b8000 rw-p 00003000 08:02 1966102                          /usr/lib/jvm/java-11-openjdk-amd64/lib/server/classes.jsa
8003b8000-800a8d000 r--p 003b9000 08:02 1966102                          /usr/lib/jvm/java-11-openjdk-amd64/lib/server/classes.jsa
800a8d000-800a8e000 rw-p 00a8e000 08:02 1966102                          /usr/lib/jvm/java-11-openjdk-amd64/lib/server/classes.jsa
800a8e000-80109a000 r--p 00a8f000 08:02 1966102                          /usr/lib/jvm/java-11-openjdk-amd64/lib/server/classes.jsa
840000000-840260000 rw-p 00000000 00:00 0 
840260000-880000000 ---p 00000000 00:00 0 
5613a9cb3000-5613a9cb4000 r-xp 00000000 08:02 1966549                    /usr/lib/jvm/java-11-openjdk-amd64/bin/java
5613a9eb4000-5613a9eb5000 r--p 00001000 08:02 1966549                    /usr/lib/jvm/java-11-openjdk-amd64/bin/java
5613a9eb5000-5613a9eb6000 rw-p 00002000 08:02 1966549                    /usr/lib/jvm/java-11-openjdk-amd64/bin/java
5613ab912000-5613ab933000 rw-p 00000000 00:00 0                          [heap]
7fab40000000-7fab40021000 rw-p 00000000 00:00 0 
7fab40021000-7fab44000000 ---p 00000000 00:00 0 
7fab48000000-7fab48021000 rw-p 00000000 00:00 0 
7fab48021000-7fab4c000000 ---p 00000000 00:00 0 
7fab4c000000-7fab4c021000 rw-p 00000000 00:00 0 
7fab4c021000-7fab50000000 ---p 00000000 00:00 0 
7fab50000000-7fab50021000 rw-p 00000000 00:00 0 
7fab50021000-7fab54000000 ---p 00000000 00:00 0 
7fab54000000-7fab54021000 rw-p 00000000 00:00 0 
7fab54021000-7fab58000000 ---p 00000000 00:00 0 
7fab58000000-7fab58021000 rw-p 00000000 00:00 0 
7fab58021000-7fab5c000000 ---p 00000000 00:00 0 
7fab5f4f8000-7fab5f4fc000 ---p 00000000 00:00 0 
7fab5f4fc000-7fab5f5f9000 rw-p 00000000 00:00 0 
7fab5f5f9000-7fab5f5fd000 ---p 00000000 00:00 0 
7fab5f5fd000-7fab5f73a000 rw-p 00000000 00:00 0 
7fab5f73a000-7fab5f8fa000 ---p 00000000 00:00 0 
7fab5f8fa000-7fab5fafa000 rw-p 00000000 00:00 0 
7fab5fafa000-7fab5fcfa000 rw-p 00000000 00:00 0 
7fab5fcfa000-7fab5fcfb000 ---p 00000000 00:00 0 
7fab5fcfb000-7fab5fdfc000 rw-p 00000000 00:00 0 
7fab5fdfc000-7fab5fdfd000 ---p 00000000 00:00 0 
7fab5fdfd000-7fab5fefe000 rw-p 00000000 00:00 0 
7fab5fefe000-7fab5feff000 ---p 00000000 00:00 0 
7fab5feff000-7fab60000000 rw-p 00000000 00:00 0 
7fab60000000-7fab60021000 rw-p 00000000 00:00 0 
7fab60021000-7fab64000000 ---p 00000000 00:00 0 
7fab64000000-7fab64021000 rw-p 00000000 00:00 0 
7fab64021000-7fab68000000 ---p 00000000 00:00 0 
7fab68000000-7fab68021000 rw-p 00000000 00:00 0 
7fab68021000-7fab6c000000 ---p 00000000 00:00 0 
7fab6c000000-7fab6c021000 rw-p 00000000 00:00 0 
7fab6c021000-7fab70000000 ---p 00000000 00:00 0 
7fab70000000-7fab70021000 rw-p 00000000 00:00 0 
7fab70021000-7fab74000000 ---p 00000000 00:00 0 
7fab74000000-7fab743d3000 rw-p 00000000 00:00 0 
7fab743d3000-7fab78000000 ---p 00000000 00:00 0 
7fab78000000-7fab78021000 rw-p 00000000 00:00 0 
7fab78021000-7fab7c000000 ---p 00000000 00:00 0 
7fab7c000000-7fab7c021000 rw-p 00000000 00:00 0 
7fab7c021000-7fab80000000 ---p 00000000 00:00 0 
7fab80000000-7fab80021000 rw-p 00000000 00:00 0 
7fab80021000-7fab84000000 ---p 00000000 00:00 0 
7fab84000000-7fab84021000 rw-p 00000000 00:00 0 
7fab84021000-7fab88000000 ---p 00000000 00:00 0 
7fab88000000-7fab88021000 rw-p 00000000 00:00 0 
7fab88021000-7fab8c000000 ---p 00000000 00:00 0 
7fab8c0c4000-7fab8c0c5000 ---p 00000000 00:00 0 
7fab8c0c5000-7fab8c1c6000 rw-p 00000000 00:00 0 
7fab8c1c6000-7fab8c1c7000 ---p 00000000 00:00 0 
7fab8c1c7000-7fab8c2c8000 rw-p 00000000 00:00 0 
7fab8c2c8000-7fab8c2cd000 r-xp 00000000 08:02 1972789                    /usr/lib/jvm/java-11-openjdk-amd64/lib/libmanagement_ext.so
7fab8c2cd000-7fab8c4cc000 ---p 00005000 08:02 1972789                    /usr/lib/jvm/java-11-openjdk-amd64/lib/libmanagement_ext.so
7fab8c4cc000-7fab8c4cd000 r--p 00004000 08:02 1972789                    /usr/lib/jvm/java-11-openjdk-amd64/lib/libmanagement_ext.so
7fab8c4cd000-7fab8c4ce000 rw-p 00005000 08:02 1972789                    /usr/lib/jvm/java-11-openjdk-amd64/lib/libmanagement_ext.so
7fab8c4ce000-7fab8c4d2000 r-xp 00000000 08:02 1972170                    /usr/lib/jvm/java-11-openjdk-amd64/lib/libmanagement.so
7fab8c4d2000-7fab8c6d1000 ---p 00004000 08:02 1972170                    /usr/lib/jvm/java-11-openjdk-amd64/lib/libmanagement.so
7fab8c6d1000-7fab8c6d2000 r--p 00003000 08:02 1972170                    /usr/lib/jvm/java-11-openjdk-amd64/lib/libmanagement.so
7fab8c6d2000-7fab8c6d3000 rw-p 00004000 08:02 1972170                    /usr/lib/jvm/java-11-openjdk-amd64/lib/libmanagement.so
7fab8c6d3000-7fab8c6d5000 r-xp 00000000 08:02 1971272                    /usr/lib/jvm/java-11-openjdk-amd64/lib/libextnet.so
7fab8c6d5000-7fab8c8d4000 ---p 00002000 08:02 1971272                    /usr/lib/jvm/java-11-openjdk-amd64/lib/libextnet.so
7fab8c8d4000-7fab8c8d5000 r--p 00001000 08:02 1971272                    /usr/lib/jvm/java-11-openjdk-amd64/lib/libextnet.so
7fab8c8d5000-7fab8c8d6000 rw-p 00002000 08:02 1971272                    /usr/lib/jvm/java-11-openjdk-amd64/lib/libextnet.so
7fab8c8d6000-7fab8cad6000 rw-p 00000000 00:00 0 
7fab8cad6000-7fab8cae1000 r--s 00000000 08:02 3935070                    /var/cache/fontconfig/945677eb7aeaf62f1d50efc3fb3ec7d8-le64.cache-7
7fab8cae1000-7fab8caf6000 r--s 00000000 08:02 3935030                    /var/cache/fontconfig/04aabc0a78ac019cf9454389977116d2-le64.cache-7
7fab8caf6000-7fab8cb42000 r--s 00000000 08:02 3935031                    /var/cache/fontconfig/0bd3dc0958fa2205aaaa8ebb13e2872b-le64.cache-7
7fab8cba6000-7fab8cbaa000 ---p 00000000 00:00 0 
7fab8cbaa000-7fab8cca7000 rw-p 00000000 00:00 0 
7fab8cd8a000-7fab8cdb4000 r-xp 00000000 08:02 1972803                    /usr/lib/jvm/java-11-openjdk-amd64/lib/libsunec.so
7fab8cdb4000-7fab8cfb3000 ---p 0002a000 08:02 1972803                    /usr/lib/jvm/java-11-openjdk-amd64/lib/libsunec.so
7fab8cfb3000-7fab8cfb7000 r--p 00029000 08:02 1972803                    /usr/lib/jvm/java-11-openjdk-amd64/lib/libsunec.so
7fab8cfb7000-7fab8cfb9000 rw-p 0002d000 08:02 1972803                    /usr/lib/jvm/java-11-openjdk-amd64/lib/libsunec.so
7fab8cfb9000-7fab8d1b9000 rw-p 00000000 00:00 0 
7fab8d1b9000-7fab8d1bd000 ---p 00000000 00:00 0 
7fab8d1bd000-7fab8d2ba000 rw-p 00000000 00:00 0 
7fab8d2ba000-7fab8d2be000 ---p 00000000 00:00 0 
7fab8d2be000-7fab8d3bb000 rw-p 00000000 00:00 0 
7fab8d3bb000-7fab8d3bf000 ---p 00000000 00:00 0 
7fab8d3bf000-7fab8d4bc000 rw-p 00000000 00:00 0 
7fab8d4bc000-7fab8d4c0000 ---p 00000000 00:00 0 
7fab8d4c0000-7fab8d5bd000 rw-p 00000000 00:00 0 
7fab8d5bd000-7fab8d5c1000 ---p 00000000 00:00 0 
7fab8d5c1000-7fab8d6be000 rw-p 00000000 00:00 0 
7fab8d6be000-7fab8d6c3000 r-xp 00000000 08:02 1974260                    /usr/lib/x86_64-linux-gnu/libXfixes.so.3.1.0
7fab8d6c3000-7fab8d8c2000 ---p 00005000 08:02 1974260                    /usr/lib/x86_64-linux-gnu/libXfixes.so.3.1.0
7fab8d8c2000-7fab8d8c3000 r--p 00004000 08:02 1974260                    /usr/lib/x86_64-linux-gnu/libXfixes.so.3.1.0
7fab8d8c3000-7fab8d8c4000 rw-p 00005000 08:02 1974260                    /usr/lib/x86_64-linux-gnu/libXfixes.so.3.1.0
7fab8d8c4000-7fab8d8cd000 r-xp 00000000 08:02 1974252                    /usr/lib/x86_64-linux-gnu/libXcursor.so.1.0.2
7fab8d8cd000-7fab8dacc000 ---p 00009000 08:02 1974252                    /usr/lib/x86_64-linux-gnu/libXcursor.so.1.0.2
7fab8dacc000-7fab8dacd000 r--p 00008000 08:02 1974252                    /usr/lib/x86_64-linux-gnu/libXcursor.so.1.0.2
7fab8dacd000-7fab8dace000 rw-p 00009000 08:02 1974252                    /usr/lib/x86_64-linux-gnu/libXcursor.so.1.0.2
7fab8dace000-7fab8dacf000 ---p 00000000 00:00 0 
7fab8dacf000-7fab8e2cf000 rw-p 00000000 00:00 0 
7fab8e2cf000-7fab8e2d0000 ---p 00000000 00:00 0 
7fab8e2d0000-7fab8ead0000 rw-p 00000000 00:00 0 
7fab8ead0000-7fab8ead1000 ---p 00000000 00:00 0 
7fab8ead1000-7fab8f2d1000 rw-p 00000000 00:00 0 
7fab8f2d1000-7fab8f2dd000 r-xp 00000000 08:02 2233115                    /usr/lib/x86_64-linux-gnu/gio/modules/libdconfsettings.so
7fab8f2dd000-7fab8f4dc000 ---p 0000c000 08:02 2233115                    /usr/lib/x86_64-linux-gnu/gio/modules/libdconfsettings.so
7fab8f4dc000-7fab8f4dd000 r--p 0000b000 08:02 2233115                    /usr/lib/x86_64-linux-gnu/gio/modules/libdconfsettings.so
7fab8f4dd000-7fab8f4de000 rw-p 0000c000 08:02 2233115                    /usr/lib/x86_64-linux-gnu/gio/modules/libdconfsettings.so
7fab8f4de000-7fab8f4e4000 r-xp 00000000 08:02 526073                     /lib/x86_64-linux-gnu/libuuid.so.1.3.0
7fab8f4e4000-7fab8f6e3000 ---p 00006000 08:02 526073                     /lib/x86_64-linux-gnu/libuuid.so.1.3.0
7fab8f6e3000-7fab8f6e4000 r--p 00005000 08:02 526073                     /lib/x86_64-linux-gnu/libuuid.so.1.3.0
7fab8f6e4000-7fab8f6e5000 rw-p 00006000 08:02 526073                     /lib/x86_64-linux-gnu/libuuid.so.1.3.0
7fab8f6e5000-7fab8f72c000 r-xp 00000000 08:02 525204                     /lib/x86_64-linux-gnu/libblkid.so.1.1.0
7fab8f72c000-7fab8f92c000 ---p 00047000 08:02 525204                     /lib/x86_64-linux-gnu/libblkid.so.1.1.0
7fab8f92c000-7fab8f930000 r--p 00047000 08:02 525204                     /lib/x86_64-linux-gnu/libblkid.so.1.1.0
7fab8f930000-7fab8f931000 rw-p 0004b000 08:02 525204                     /lib/x86_64-linux-gnu/libblkid.so.1.1.0
7fab8f931000-7fab8f932000 rw-p 00000000 00:00 0 
7fab8f932000-7fab8f9a2000 r-xp 00000000 08:02 529686                     /lib/x86_64-linux-gnu/libpcre.so.3.13.3
7fab8f9a2000-7fab8fba2000 ---p 00070000 08:02 529686                     /lib/x86_64-linux-gnu/libpcre.so.3.13.3
7fab8fba2000-7fab8fba3000 r--p 00070000 08:02 529686                     /lib/x86_64-linux-gnu/libpcre.so.3.13.3
7fab8fba3000-7fab8fba4000 rw-p 00071000 08:02 529686                     /lib/x86_64-linux-gnu/libpcre.so.3.13.3
7fab8fba4000-7fab8fbab000 r-xp 00000000 08:02 1974642                    /usr/lib/x86_64-linux-gnu/libffi.so.6.0.4
7fab8fbab000-7fab8fdaa000 ---p 00007000 08:02 1974642                    /usr/lib/x86_64-linux-gnu/libffi.so.6.0.4
7fab8fdaa000-7fab8fdab000 r--p 00006000 08:02 1974642                    /usr/lib/x86_64-linux-gnu/libffi.so.6.0.4
7fab8fdab000-7fab8fdac000 rw-p 00007000 08:02 1974642                    /usr/lib/x86_64-linux-gnu/libffi.so.6.0.4
7fab8fdac000-7fab8fdfd000 r-xp 00000000 08:02 525209                     /lib/x86_64-linux-gnu/libmount.so.1.1.0
7fab8fdfd000-7fab8fffc000 ---p 00051000 08:02 525209                     /lib/x86_64-linux-gnu/libmount.so.1.1.0
7fab8fffc000-7fab8fffe000 r--p 00050000 08:02 525209                     /lib/x86_64-linux-gnu/libmount.so.1.1.0
7fab8fffe000-7fab8ffff000 rw-p 00052000 08:02 525209                     /lib/x86_64-linux-gnu/libmount.so.1.1.0
7fab8ffff000-7fab90000000 rw-p 00000000 00:00 0 
7fab90000000-7fab90021000 rw-p 00000000 00:00 0 
7fab90021000-7fab94000000 ---p 00000000 00:00 0 
7fab94000000-7fab94021000 rw-p 00000000 00:00 0 
7fab94021000-7fab98000000 ---p 00000000 00:00 0 
7fab98000000-7fab98021000 rw-p 00000000 00:00 0 
7fab98021000-7fab9c000000 ---p 00000000 00:00 0 
7fab9c000000-7fab9c021000 rw-p 00000000 00:00 0 
7fab9c021000-7faba0000000 ---p 00000000 00:00 0 
7faba0000000-7faba0c4a000 rw-p 00000000 00:00 0 
7faba0c4a000-7faba4000000 ---p 00000000 00:00 0 
7faba4000000-7faba4605000 rw-p 00000000 00:00 0 
7faba4605000-7faba8000000 ---p 00000000 00:00 0 
7faba8000000-7faba8021000 rw-p 00000000 00:00 0 
7faba8021000-7fabac000000 ---p 00000000 00:00 0 
7fabac005000-7fabac007000 r--s 00000000 08:02 3935072                    /var/cache/fontconfig/99e8ed0e538f840c565b6ed5dad60d56-le64.cache-7
7fabac007000-7fabac00c000 r--s 00000000 08:02 3935039                    /var/cache/fontconfig/2300eef321c393bfd76478a5c0e95b23-le64.cache-7
7fabac00c000-7fabac00d000 r--s 00000000 08:02 3935033                    /var/cache/fontconfig/0d8c3b2ac0904cb8a57a757ad11a4a08-le64.cache-7
7fabac00d000-7fabac00e000 r--s 00000000 08:02 3935037                    /var/cache/fontconfig/1ac9eb803944fde146138c791f5cc56a-le64.cache-7
7fabac00e000-7fabac012000 r--s 00000000 08:02 3935045                    /var/cache/fontconfig/385c0604a188198f04d133e54aba7fe7-le64.cache-7
7fabac012000-7fabac013000 r--s 00000000 08:02 3935091                    /var/cache/fontconfig/dc05db6664285cc2f12bf69c139ae4c3-le64.cache-7
7fabac013000-7fabac015000 r--s 00000000 08:02 3935034                    /var/cache/fontconfig/14a5e22175779b556eaa434240950366-le64.cache-7
7fabac015000-7fabac016000 r--s 00000000 08:02 3935061                    /var/cache/fontconfig/660208299946a285a940457d1287da33-le64.cache-7
7fabac016000-7fabac018000 r--s 00000000 08:02 3935052                    /var/cache/fontconfig/4f3e3037c9980c83b53a9351efadef62-le64.cache-7
7fabac018000-7fabac01a000 r--s 00000000 08:02 3935066                    /var/cache/fontconfig/767a8244fc0220cfb567a839d0392e0b-le64.cache-7
7fabac01a000-7fabac01b000 r--s 00000000 08:02 3935745                    /var/cache/fontconfig/4794a0821666d79190d59a36cb4f44b5-le64.cache-7
7fabac01b000-7fabac022000 r--s 00000000 08:02 3935069                    /var/cache/fontconfig/8801497958630a81b71ace7c5f9b32a8-le64.cache-7
7fabac022000-7fabac027000 r--s 00000000 08:02 3935092                    /var/cache/fontconfig/def309198bfa603429122923fa2bb2d4-le64.cache-7
7fabac027000-7fabac028000 r--s 00000000 08:02 3935079                    /var/cache/fontconfig/b872e6e592da6075ffa4ab0a1fcc0c75-le64.cache-7
7fabac028000-7fabac029000 r--s 00000000 08:02 3935097                    /var/cache/fontconfig/f6d4eedfaab2589bde49f7a3ff831d22-le64.cache-7
7fabac029000-7fabac02a000 r--s 00000000 08:02 3935059                    /var/cache/fontconfig/589f83ef4c36d296ce6e1c846f468f08-le64.cache-7
7fabac02a000-7fabac02b000 r--s 00000000 08:02 3935081                    /var/cache/fontconfig/bab58bb527bb656aaa9f116d68a48d89-le64.cache-7
7fabac02b000-7fabac02c000 r--s 00000000 08:02 3935038                    /var/cache/fontconfig/2171a34dccabdb6bcbbc728186263178-le64.cache-7
7fabac02c000-7fabac02d000 r--s 00000000 08:02 3935082                    /var/cache/fontconfig/c5c45a61289222e0d30b1a26ef4effbe-le64.cache-7
7fabac02d000-7fabac02e000 r--s 00000000 08:02 3935077                    /var/cache/fontconfig/aec30016f93e1b46d1a973dce0d74068-le64.cache-7
7fabac02e000-7fabac02f000 r--s 00000000 08:02 3935046                    /var/cache/fontconfig/3f589640d34b7dc9042c8d453f7c8b9c-le64.cache-7
7fabac02f000-7fabac030000 r--s 00000000 08:02 3935035                    /var/cache/fontconfig/16c2fda60d1b4b719f4b3d06fd951d25-le64.cache-7
7fabac030000-7fabac031000 r--s 00000000 08:02 3935076                    /var/cache/fontconfig/a48eab177a16e4f3713381162db2f3e9-le64.cache-7
7fabac031000-7fabac032000 r--s 00000000 08:02 3935055                    /var/cache/fontconfig/564b2e68ac9bc4e36a6f7f6d6125ec1c-le64.cache-7
7fabac032000-7fabac037000 r--s 00000000 08:02 3935744                    /var/cache/fontconfig/9d2451b1fd30e5bffe8383fd27c35478-le64.cache-7
7fabac037000-7fabac03d000 r--s 00000000 08:02 3935040                    /var/cache/fontconfig/3047814df9a2f067bd2d96a2b9c36e5a-le64.cache-7
7fabac03d000-7fabac03e000 r--s 00000000 08:02 3935056                    /var/cache/fontconfig/56cf4f4769d0f4abc89a4895d7bd3ae1-le64.cache-7
7fabac03e000-7fabac03f000 r--s 00000000 08:02 3935080                    /var/cache/fontconfig/b9d506c9ac06c20b433354fa67a72993-le64.cache-7
7fabac03f000-7fabac045000 r--s 00000000 08:02 3935078                    /var/cache/fontconfig/b47c4e1ecd0709278f4910c18777a504-le64.cache-7
7fabac045000-7fabac058000 r--s 00000000 08:02 3935088                    /var/cache/fontconfig/d52a8644073d54c13679302ca1180695-le64.cache-7
7fabac058000-7fabac059000 r--s 00000000 08:02 3935043                    /var/cache/fontconfig/370e5b74bf5dafc30834de68e24a87a4-le64.cache-7
7fabac059000-7fabac05a000 r--s 00000000 08:02 3935064                    /var/cache/fontconfig/6b2c5944714ca7831b25bed9e85cb5c8-le64.cache-7
7fabac05a000-7fabac05b000 r--s 00000000 08:02 3935087                    /var/cache/fontconfig/d5178ab6d91b49bf20a416737dcea9e8-le64.cache-7
7fabac05b000-7fabac05c000 r--s 00000000 08:02 3935054                    /var/cache/fontconfig/551ecf3b0e8b0bca0f25c0944f561853-le64.cache-7
7fabac05c000-7fabac05f000 r--s 00000000 08:02 3935096                    /var/cache/fontconfig/f259c2cffa685e28062317905db73c4a-le64.cache-7
7fabac05f000-7fabac076000 r-xp 00000000 08:02 529703                     /lib/x86_64-linux-gnu/libresolv-2.27.so
7fabac076000-7fabac276000 ---p 00017000 08:02 529703                     /lib/x86_64-linux-gnu/libresolv-2.27.so
7fabac276000-7fabac277000 r--p 00017000 08:02 529703                     /lib/x86_64-linux-gnu/libresolv-2.27.so
7fabac277000-7fabac278000 rw-p 00018000 08:02 529703                     /lib/x86_64-linux-gnu/libresolv-2.27.so
7fabac278000-7fabac27a000 rw-p 00000000 00:00 0 
7fabac27a000-7fabac29f000 r-xp 00000000 08:02 529709                     /lib/x86_64-linux-gnu/libselinux.so.1
7fabac29f000-7fabac49e000 ---p 00025000 08:02 529709                     /lib/x86_64-linux-gnu/libselinux.so.1
7fabac49e000-7fabac49f000 r--p 00024000 08:02 529709                     /lib/x86_64-linux-gnu/libselinux.so.1
7fabac49f000-7fabac4a0000 rw-p 00025000 08:02 529709                     /lib/x86_64-linux-gnu/libselinux.so.1
7fabac4a0000-7fabac4a2000 rw-p 00000000 00:00 0 
7fabac4a2000-7fabac5b6000 r-xp 00000000 08:02 1973678                    /usr/lib/x86_64-linux-gnu/libglib-2.0.so.0.5600.4
7fabac5b6000-7fabac7b6000 ---p 00114000 08:02 1973678                    /usr/lib/x86_64-linux-gnu/libglib-2.0.so.0.5600.4
7fabac7b6000-7fabac7b7000 r--p 00114000 08:02 1973678                    /usr/lib/x86_64-linux-gnu/libglib-2.0.so.0.5600.4
7fabac7b7000-7fabac7b8000 rw-p 00115000 08:02 1973678                    /usr/lib/x86_64-linux-gnu/libglib-2.0.so.0.5600.4
7fabac7b8000-7fabac7b9000 rw-p 00000000 00:00 0 
7fabac7b9000-7fabac7bc000 r-xp 00000000 08:02 1973680                    /usr/lib/x86_64-linux-gnu/libgmodule-2.0.so.0.5600.4
7fabac7bc000-7fabac9bb000 ---p 00003000 08:02 1973680                    /usr/lib/x86_64-linux-gnu/libgmodule-2.0.so.0.5600.4
7fabac9bb000-7fabac9bc000 r--p 00002000 08:02 1973680                    /usr/lib/x86_64-linux-gnu/libgmodule-2.0.so.0.5600.4
7fabac9bc000-7fabac9bd000 rw-p 00003000 08:02 1973680                    /usr/lib/x86_64-linux-gnu/libgmodule-2.0.so.0.5600.4
7fabac9bd000-7fabaca0f000 r-xp 00000000 08:02 1973681                    /usr/lib/x86_64-linux-gnu/libgobject-2.0.so.0.5600.4
7fabaca0f000-7fabacc0f000 ---p 00052000 08:02 1973681                    /usr/lib/x86_64-linux-gnu/libgobject-2.0.so.0.5600.4
7fabacc0f000-7fabacc10000 r--p 00052000 08:02 1973681                    /usr/lib/x86_64-linux-gnu/libgobject-2.0.so.0.5600.4
7fabacc10000-7fabacc11000 rw-p 00053000 08:02 1973681                    /usr/lib/x86_64-linux-gnu/libgobject-2.0.so.0.5600.4
7fabacc11000-7fabacda6000 r-xp 00000000 08:02 1973677                    /usr/lib/x86_64-linux-gnu/libgio-2.0.so.0.5600.4
7fabacda6000-7fabacfa6000 ---p 00195000 08:02 1973677                    /usr/lib/x86_64-linux-gnu/libgio-2.0.so.0.5600.4
7fabacfa6000-7fabacfad000 r--p 00195000 08:02 1973677                    /usr/lib/x86_64-linux-gnu/libgio-2.0.so.0.5600.4
7fabacfad000-7fabacfae000 rw-p 0019c000 08:02 1973677                    /usr/lib/x86_64-linux-gnu/libgio-2.0.so.0.5600.4
7fabacfae000-7fabacfb0000 rw-p 00000000 00:00 0 
7fabacfb0000-7fabacfba000 r-xp 00000000 08:02 1974276                    /usr/lib/x86_64-linux-gnu/libXrandr.so.2.2.0
7fabacfba000-7fabad1b9000 ---p 0000a000 08:02 1974276                    /usr/lib/x86_64-linux-gnu/libXrandr.so.2.2.0
7fabad1b9000-7fabad1ba000 r--p 00009000 08:02 1974276                    /usr/lib/x86_64-linux-gnu/libXrandr.so.2.2.0
7fabad1ba000-7fabad1bb000 rw-p 0000a000 08:02 1974276                    /usr/lib/x86_64-linux-gnu/libXrandr.so.2.2.0
7fabad1bb000-7fabad1ec000 r-xp 00000000 08:02 1973697                    /usr/lib/x86_64-linux-gnu/libpng16.so.16.34.0
7fabad1ec000-7fabad3eb000 ---p 00031000 08:02 1973697                    /usr/lib/x86_64-linux-gnu/libpng16.so.16.34.0
7fabad3eb000-7fabad3ec000 r--p 00030000 08:02 1973697                    /usr/lib/x86_64-linux-gnu/libpng16.so.16.34.0
7fabad3ec000-7fabad3ed000 rw-p 00031000 08:02 1973697                    /usr/lib/x86_64-linux-gnu/libpng16.so.16.34.0
7fabad3ed000-7fabad49a000 r-xp 00000000 08:02 1974672                    /usr/lib/x86_64-linux-gnu/libfreetype.so.6.15.0
7fabad49a000-7fabad699000 ---p 000ad000 08:02 1974672                    /usr/lib/x86_64-linux-gnu/libfreetype.so.6.15.0
7fabad699000-7fabad6a0000 r--p 000ac000 08:02 1974672                    /usr/lib/x86_64-linux-gnu/libfreetype.so.6.15.0
7fabad6a0000-7fabad6a1000 rw-p 000b3000 08:02 1974672                    /usr/lib/x86_64-linux-gnu/libfreetype.so.6.15.0
7fabad6a1000-7fabad7d5000 r-xp 00000000 08:02 1971273                    /usr/lib/jvm/java-11-openjdk-amd64/lib/libfontmanager.so
7fabad7d5000-7fabad9d4000 ---p 00134000 08:02 1971273                    /usr/lib/jvm/java-11-openjdk-amd64/lib/libfontmanager.so
7fabad9d4000-7fabad9d5000 r--p 00133000 08:02 1971273                    /usr/lib/jvm/java-11-openjdk-amd64/lib/libfontmanager.so
7fabad9d5000-7fabad9d6000 rw-p 00134000 08:02 1971273                    /usr/lib/jvm/java-11-openjdk-amd64/lib/libfontmanager.so
7fabad9d6000-7fabad9d9000 rw-p 00000000 00:00 0 
7fabad9d9000-7fabad9ec000 r-xp 00000000 08:02 525554                     /lib/x86_64-linux-gnu/libbsd.so.0.8.7
7fabad9ec000-7fabadbeb000 ---p 00013000 08:02 525554                     /lib/x86_64-linux-gnu/libbsd.so.0.8.7
7fabadbeb000-7fabadbec000 r--p 00012000 08:02 525554                     /lib/x86_64-linux-gnu/libbsd.so.0.8.7
7fabadbec000-7fabadbed000 rw-p 00013000 08:02 525554                     /lib/x86_64-linux-gnu/libbsd.so.0.8.7
7fabadbed000-7fabadbee000 rw-p 00000000 00:00 0 
7fabadbee000-7fabadbf3000 r-xp 00000000 08:02 1974256                    /usr/lib/x86_64-linux-gnu/libXdmcp.so.6.0.0
7fabadbf3000-7fabaddf2000 ---p 00005000 08:02 1974256                    /usr/lib/x86_64-linux-gnu/libXdmcp.so.6.0.0
7fabaddf2000-7fabaddf3000 r--p 00004000 08:02 1974256                    /usr/lib/x86_64-linux-gnu/libXdmcp.so.6.0.0
7fabaddf3000-7fabaddf4000 rw-p 00005000 08:02 1974256                    /usr/lib/x86_64-linux-gnu/libXdmcp.so.6.0.0
7fabaddf4000-7fabaddf6000 r-xp 00000000 08:02 1974245                    /usr/lib/x86_64-linux-gnu/libXau.so.6.0.0
7fabaddf6000-7fabadff6000 ---p 00002000 08:02 1974245                    /usr/lib/x86_64-linux-gnu/libXau.so.6.0.0
7fabadff6000-7fabadff7000 r--p 00002000 08:02 1974245                    /usr/lib/x86_64-linux-gnu/libXau.so.6.0.0
7fabadff7000-7fabadff8000 rw-p 00003000 08:02 1974245                    /usr/lib/x86_64-linux-gnu/libXau.so.6.0.0
7fabadff8000-7fabae01e000 r-xp 00000000 08:02 1966358                    /usr/lib/x86_64-linux-gnu/libxcb.so.1.1.0
7fabae01e000-7fabae21e000 ---p 00026000 08:02 1966358                    /usr/lib/x86_64-linux-gnu/libxcb.so.1.1.0
7fabae21e000-7fabae21f000 r--p 00026000 08:02 1966358                    /usr/lib/x86_64-linux-gnu/libxcb.so.1.1.0
7fabae21f000-7fabae220000 rw-p 00027000 08:02 1966358                    /usr/lib/x86_64-linux-gnu/libxcb.so.1.1.0
7fabae220000-7fabae22f000 r-xp 00000000 08:02 1974266                    /usr/lib/x86_64-linux-gnu/libXi.so.6.1.0
7fabae22f000-7fabae42e000 ---p 0000f000 08:02 1974266                    /usr/lib/x86_64-linux-gnu/libXi.so.6.1.0
7fabae42e000-7fabae42f000 r--p 0000e000 08:02 1974266                    /usr/lib/x86_64-linux-gnu/libXi.so.6.1.0
7fabae42f000-7fabae430000 rw-p 0000f000 08:02 1974266                    /usr/lib/x86_64-linux-gnu/libXi.so.6.1.0
7fabae430000-7fabae435000 r-xp 00000000 08:02 1974284                    /usr/lib/x86_64-linux-gnu/libXtst.so.6.1.0
7fabae435000-7fabae634000 ---p 00005000 08:02 1974284                    /usr/lib/x86_64-linux-gnu/libXtst.so.6.1.0
7fabae634000-7fabae635000 r--p 00004000 08:02 1974284                    /usr/lib/x86_64-linux-gnu/libXtst.so.6.1.0
7fabae635000-7fabae636000 rw-p 00005000 08:02 1974284                    /usr/lib/x86_64-linux-gnu/libXtst.so.6.1.0
7fabae636000-7fabae63f000 r-xp 00000000 08:02 1974278                    /usr/lib/x86_64-linux-gnu/libXrender.so.1.3.0
7fabae63f000-7fabae83e000 ---p 00009000 08:02 1974278                    /usr/lib/x86_64-linux-gnu/libXrender.so.1.3.0
7fabae83e000-7fabae83f000 r--p 00008000 08:02 1974278                    /usr/lib/x86_64-linux-gnu/libXrender.so.1.3.0
7fabae83f000-7fabae840000 rw-p 00009000 08:02 1974278                    /usr/lib/x86_64-linux-gnu/libXrender.so.1.3.0
7fabae840000-7fabae973000 r-xp 00000000 08:02 1966360                    /usr/lib/x86_64-linux-gnu/libX11.so.6.3.0
7fabae973000-7fabaeb73000 ---p 00133000 08:02 1966360                    /usr/lib/x86_64-linux-gnu/libX11.so.6.3.0
7fabaeb73000-7fabaeb74000 r--p 00133000 08:02 1966360                    /usr/lib/x86_64-linux-gnu/libX11.so.6.3.0
7fabaeb74000-7fabaeb78000 rw-p 00134000 08:02 1966360                    /usr/lib/x86_64-linux-gnu/libX11.so.6.3.0
7fabaeb78000-7fabaeb89000 r-xp 00000000 08:02 1974258                    /usr/lib/x86_64-linux-gnu/libXext.so.6.4.0
7fabaeb89000-7fabaed88000 ---p 00011000 08:02 1974258                    /usr/lib/x86_64-linux-gnu/libXext.so.6.4.0
7fabaed88000-7fabaed89000 r--p 00010000 08:02 1974258                    /usr/lib/x86_64-linux-gnu/libXext.so.6.4.0
7fabaed89000-7fabaed8a000 rw-p 00011000 08:02 1974258                    /usr/lib/x86_64-linux-gnu/libXext.so.6.4.0
7fabaed8a000-7fabaede9000 r-xp 00000000 08:02 1971268                    /usr/lib/jvm/java-11-openjdk-amd64/lib/libawt_xawt.so
7fabaede9000-7fabaefe8000 ---p 0005f000 08:02 1971268                    /usr/lib/jvm/java-11-openjdk-amd64/lib/libawt_xawt.so
7fabaefe8000-7fabaefe9000 r--p 0005e000 08:02 1971268                    /usr/lib/jvm/java-11-openjdk-amd64/lib/libawt_xawt.so
7fabaefe9000-7fabaefec000 rw-p 0005f000 08:02 1971268                    /usr/lib/jvm/java-11-openjdk-amd64/lib/libawt_xawt.so
7fabaefec000-7fabaefee000 rw-p 00000000 00:00 0 
7fabaefee000-7fabaf08d000 r-xp 00000000 08:02 1971250                    /usr/lib/jvm/java-11-openjdk-amd64/lib/libawt.so
7fabaf08d000-7fabaf28d000 ---p 0009f000 08:02 1971250                    /usr/lib/jvm/java-11-openjdk-amd64/lib/libawt.so
7fabaf28d000-7fabaf28e000 r--p 0009f000 08:02 1971250                    /usr/lib/jvm/java-11-openjdk-amd64/lib/libawt.so
7fabaf28e000-7fabaf299000 rw-p 000a0000 08:02 1971250                    /usr/lib/jvm/java-11-openjdk-amd64/lib/libawt.so
7fabaf299000-7fabaf2be000 rw-p 00000000 00:00 0 
7fabaf2be000-7fabaf2d4000 r-xp 00000000 08:02 1972793                    /usr/lib/jvm/java-11-openjdk-amd64/lib/libnet.so
7fabaf2d4000-7fabaf4d3000 ---p 00016000 08:02 1972793                    /usr/lib/jvm/java-11-openjdk-amd64/lib/libnet.so
7fabaf4d3000-7fabaf4d4000 r--p 00015000 08:02 1972793                    /usr/lib/jvm/java-11-openjdk-amd64/lib/libnet.so
7fabaf4d4000-7fabaf4d5000 rw-p 00016000 08:02 1972793                    /usr/lib/jvm/java-11-openjdk-amd64/lib/libnet.so
7fabaf4d5000-7fabaf4e5000 r-xp 00000000 08:02 1972795                    /usr/lib/jvm/java-11-openjdk-amd64/lib/libnio.so
7fabaf4e5000-7fabaf6e4000 ---p 00010000 08:02 1972795                    /usr/lib/jvm/java-11-openjdk-amd64/lib/libnio.so
7fabaf6e4000-7fabaf6e5000 r--p 0000f000 08:02 1972795                    /usr/lib/jvm/java-11-openjdk-amd64/lib/libnio.so
7fabaf6e5000-7fabaf6e6000 rw-p 00010000 08:02 1972795                    /usr/lib/jvm/java-11-openjdk-amd64/lib/libnio.so
7fabaf6e6000-7fabaf6ea000 ---p 00000000 00:00 0 
7fabaf6ea000-7fabaf7e7000 rw-p 00000000 00:00 0 
7fabaf7e7000-7fabaf7e8000 ---p 00000000 00:00 0 
7fabaf7e8000-7fabaf8e9000 rw-p 00000000 00:00 0 
7fabaf8e9000-7fabaf8ed000 ---p 00000000 00:00 0 
7fabaf8ed000-7fabaf9ea000 rw-p 00000000 00:00 0 
7fabaf9ea000-7fabaf9ee000 ---p 00000000 00:00 0 
7fabaf9ee000-7fabafaeb000 rw-p 00000000 00:00 0 
7fabafaeb000-7fabafaef000 ---p 00000000 00:00 0 
7fabafaef000-7fabafbec000 rw-p 00000000 00:00 0 
7fabafbec000-7fabb0000000 r--p 00000000 08:02 1972978                    /usr/lib/locale/locale-archive
7fabb0000000-7fabb0021000 rw-p 00000000 00:00 0 
7fabb0021000-7fabb4000000 ---p 00000000 00:00 0 
7fabb4000000-7fabb4021000 rw-p 00000000 00:00 0 
7fabb4021000-7fabb8000000 ---p 00000000 00:00 0 
7fabb8000000-7fabb8021000 rw-p 00000000 00:00 0 
7fabb8021000-7fabbc000000 ---p 00000000 00:00 0 
7fabbc000000-7fabbc021000 rw-p 00000000 00:00 0 
7fabbc021000-7fabc0000000 ---p 00000000 00:00 0 
7fabc0000000-7fabc0021000 rw-p 00000000 00:00 0 
7fabc0021000-7fabc4000000 ---p 00000000 00:00 0 
7fabc4000000-7fabc4021000 rw-p 00000000 00:00 0 
7fabc4021000-7fabc8000000 ---p 00000000 00:00 0 
7fabc8000000-7fabc8021000 rw-p 00000000 00:00 0 
7fabc8021000-7fabcc000000 ---p 00000000 00:00 0 
7fabcc000000-7fabcc002000 r--s 00000000 08:02 3935053                    /var/cache/fontconfig/550f3886151c940c12a5ed35f6a00586-le64.cache-7
7fabcc002000-7fabcc005000 r--s 00000000 08:02 3935062                    /var/cache/fontconfig/674d1711f2d1d2a09646eb0bdcadee49-le64.cache-7
7fabcc005000-7fabcc011000 r--s 00000000 08:02 3935089                    /var/cache/fontconfig/d589a48862398ed80a3d6066f4f56f4c-le64.cache-7
7fabcc011000-7fabcc020000 r--s 00000000 08:02 3935042                    /var/cache/fontconfig/9b89f8e3dae116d678bbf48e5f21f69b-le64.cache-7
7fabcc038000-7fabcc07d000 r--p 00000000 08:02 2362485                    /usr/share/glib-2.0/schemas/gschemas.compiled
7fabcc07d000-7fabcc09d000 r--p 00000000 08:02 2371092                    /usr/share/locale-langpack/ca/LC_MESSAGES/glib20.mo
7fabcc09d000-7fabcc0ce000 rw-p 00000000 00:00 0 
7fabcc0ce000-7fabcc0d2000 ---p 00000000 00:00 0 
7fabcc0d2000-7fabcc1cf000 rw-p 00000000 00:00 0 
7fabcc1cf000-7fabcc1d3000 ---p 00000000 00:00 0 
7fabcc1d3000-7fabcc2d0000 rw-p 00000000 00:00 0 
7fabcc2d0000-7fabcc2d4000 ---p 00000000 00:00 0 
7fabcc2d4000-7fabcc3d1000 rw-p 00000000 00:00 0 
7fabcc3d1000-7fabcc3d5000 ---p 00000000 00:00 0 
7fabcc3d5000-7fabcc4d2000 rw-p 00000000 00:00 0 
7fabcc4d2000-7fabcc4d3000 ---p 00000000 00:00 0 
7fabcc4d3000-7fabcced8000 rw-p 00000000 00:00 0 
7fabcced8000-7fabcced9000 ---p 00000000 00:00 0 
7fabcced9000-7fabccfda000 rw-p 00000000 00:00 0 
7fabccfda000-7fabccfdb000 ---p 00000000 00:00 0 
7fabccfdb000-7fabcf8e4000 rw-p 00000000 00:00 0 
7fabcf8e4000-7fabcf8e5000 ---p 00000000 00:00 0 
7fabcf8e5000-7fabcfbde000 rw-p 00000000 00:00 0 
7fabcfbde000-7fabd1906000 ---p 00000000 00:00 0 
7fabd1906000-7fabd1b06000 rw-p 00000000 00:00 0 
7fabd1b06000-7fabd382e000 ---p 00000000 00:00 0 
7fabd382e000-7fabd3875000 rw-p 00000000 00:00 0 
7fabd3875000-7fabd3c1a000 ---p 00000000 00:00 0 
7fabd3c1a000-7fabd3c5a000 rw-p 00000000 00:00 0 
7fabd3c5a000-7fabd3fff000 ---p 00000000 00:00 0 
7fabd3fff000-7fabd4000000 rw-p 00000000 00:00 0 
7fabd4000000-7fabd4021000 rw-p 00000000 00:00 0 
7fabd4021000-7fabd8000000 ---p 00000000 00:00 0 
7fabd8000000-7fabd8025000 r--p 00000000 08:02 2370177                    /usr/share/locale-langpack/ca/LC_MESSAGES/libc.mo
7fabd8025000-7fabd8026000 ---p 00000000 00:00 0 
7fabd8026000-7fabd8166000 rw-p 00000000 00:00 0 
7fabd8166000-7fabd850b000 ---p 00000000 00:00 0 
7fabd850b000-7fabd8910000 rw-p 00000000 00:00 0 
7fabd8910000-7fabd8b80000 rwxp 00000000 00:00 0 
7fabd8b80000-7fabd8ea1000 ---p 00000000 00:00 0 
7fabd8ea1000-7fabd9251000 rwxp 00000000 00:00 0 
7fabd9251000-7fabe03d8000 ---p 00000000 00:00 0 
7fabe03d8000-7fabe0648000 rwxp 00000000 00:00 0 
7fabe0648000-7fabe7910000 ---p 00000000 00:00 0 
7fabe8000000-7fabe8021000 rw-p 00000000 00:00 0 
7fabe8021000-7fabec000000 ---p 00000000 00:00 0 
7fabefdfe000-7fabefe02000 ---p 00000000 00:00 0 
7fabefe02000-7fabefeff000 rw-p 00000000 00:00 0 
7fabefeff000-7fabeff03000 ---p 00000000 00:00 0 
7fabeff03000-7fabf0000000 rw-p 00000000 00:00 0 
7fabf0000000-7fabf0324000 rw-p 00000000 00:00 0 
7fabf0324000-7fabf4000000 ---p 00000000 00:00 0 
7fabf4000000-7fabf4001000 r--s 00000000 08:02 3935047                    /var/cache/fontconfig/3f7329c5293ffd510edef78f73874cfd-le64.cache-7
7fabf4001000-7fabf4002000 r--s 00000000 08:02 3935041                    /var/cache/fontconfig/30829fa25452a46451e813d634d7f916-le64.cache-7
7fabf4002000-7fabf4003000 r--s 00000000 08:02 3935032                    /var/cache/fontconfig/0c9eb80ebd1c36541ebe2852d3bb0c49-le64.cache-7
7fabf4003000-7fabf4407000 rw-p 00000000 00:00 0 
7fabf4407000-7fabf4408000 ---p 00000000 00:00 0 
7fabf4408000-7fabf450e000 rw-p 00000000 00:00 0 
7fabf450e000-7fabf45f4000 ---p 00000000 00:00 0 
7fabf45f4000-7fabf45fc000 rw-p 00000000 00:00 0 
7fabf45fc000-7fabf46df000 ---p 00000000 00:00 0 
7fabf46df000-7fabf46e4000 r-xp 00000000 08:02 1971331                    /usr/lib/jvm/java-11-openjdk-amd64/lib/libjimage.so
7fabf46e4000-7fabf48e3000 ---p 00005000 08:02 1971331                    /usr/lib/jvm/java-11-openjdk-amd64/lib/libjimage.so
7fabf48e3000-7fabf48e4000 r--p 00004000 08:02 1971331                    /usr/lib/jvm/java-11-openjdk-amd64/lib/libjimage.so
7fabf48e4000-7fabf48e5000 rw-p 00005000 08:02 1971331                    /usr/lib/jvm/java-11-openjdk-amd64/lib/libjimage.so
7fabf48e5000-7fabf48ec000 r-xp 00000000 08:02 1972806                    /usr/lib/jvm/java-11-openjdk-amd64/lib/libzip.so
7fabf48ec000-7fabf4aeb000 ---p 00007000 08:02 1972806                    /usr/lib/jvm/java-11-openjdk-amd64/lib/libzip.so
7fabf4aeb000-7fabf4aec000 r--p 00006000 08:02 1972806                    /usr/lib/jvm/java-11-openjdk-amd64/lib/libzip.so
7fabf4aec000-7fabf4aed000 rw-p 00007000 08:02 1972806                    /usr/lib/jvm/java-11-openjdk-amd64/lib/libzip.so
7fabf4aed000-7fabf4af8000 r-xp 00000000 08:02 529654                     /lib/x86_64-linux-gnu/libnss_files-2.27.so
7fabf4af8000-7fabf4cf7000 ---p 0000b000 08:02 529654                     /lib/x86_64-linux-gnu/libnss_files-2.27.so
7fabf4cf7000-7fabf4cf8000 r--p 0000a000 08:02 529654                     /lib/x86_64-linux-gnu/libnss_files-2.27.so
7fabf4cf8000-7fabf4cf9000 rw-p 0000b000 08:02 529654                     /lib/x86_64-linux-gnu/libnss_files-2.27.so
7fabf4cf9000-7fabf4cff000 rw-p 00000000 00:00 0 
7fabf4cff000-7fabf4d16000 r-xp 00000000 08:02 529648                     /lib/x86_64-linux-gnu/libnsl-2.27.so
7fabf4d16000-7fabf4f15000 ---p 00017000 08:02 529648                     /lib/x86_64-linux-gnu/libnsl-2.27.so
7fabf4f15000-7fabf4f16000 r--p 00016000 08:02 529648                     /lib/x86_64-linux-gnu/libnsl-2.27.so
7fabf4f16000-7fabf4f17000 rw-p 00017000 08:02 529648                     /lib/x86_64-linux-gnu/libnsl-2.27.so
7fabf4f17000-7fabf4f19000 rw-p 00000000 00:00 0 
7fabf4f19000-7fabf4f24000 r-xp 00000000 08:02 529665                     /lib/x86_64-linux-gnu/libnss_nis-2.27.so
7fabf4f24000-7fabf5123000 ---p 0000b000 08:02 529665                     /lib/x86_64-linux-gnu/libnss_nis-2.27.so
7fabf5123000-7fabf5124000 r--p 0000a000 08:02 529665                     /lib/x86_64-linux-gnu/libnss_nis-2.27.so
7fabf5124000-7fabf5125000 rw-p 0000b000 08:02 529665                     /lib/x86_64-linux-gnu/libnss_nis-2.27.so
7fabf5125000-7fabf512d000 r-xp 00000000 08:02 529650                     /lib/x86_64-linux-gnu/libnss_compat-2.27.so
7fabf512d000-7fabf532d000 ---p 00008000 08:02 529650                     /lib/x86_64-linux-gnu/libnss_compat-2.27.so
7fabf532d000-7fabf532e000 r--p 00008000 08:02 529650                     /lib/x86_64-linux-gnu/libnss_compat-2.27.so
7fabf532e000-7fabf532f000 rw-p 00009000 08:02 529650                     /lib/x86_64-linux-gnu/libnss_compat-2.27.so
7fabf532f000-7fabf5358000 r-xp 00000000 08:02 1971326                    /usr/lib/jvm/java-11-openjdk-amd64/lib/libjava.so
7fabf5358000-7fabf5557000 ---p 00029000 08:02 1971326                    /usr/lib/jvm/java-11-openjdk-amd64/lib/libjava.so
7fabf5557000-7fabf5558000 r--p 00028000 08:02 1971326                    /usr/lib/jvm/java-11-openjdk-amd64/lib/libjava.so
7fabf5558000-7fabf555a000 rw-p 00029000 08:02 1971326                    /usr/lib/jvm/java-11-openjdk-amd64/lib/libjava.so
7fabf555a000-7fabf5567000 r-xp 00000000 08:02 1972805                    /usr/lib/jvm/java-11-openjdk-amd64/lib/libverify.so
7fabf5567000-7fabf5766000 ---p 0000d000 08:02 1972805                    /usr/lib/jvm/java-11-openjdk-amd64/lib/libverify.so
7fabf5766000-7fabf5768000 r--p 0000c000 08:02 1972805                    /usr/lib/jvm/java-11-openjdk-amd64/lib/libverify.so
7fabf5768000-7fabf5769000 rw-p 0000e000 08:02 1972805                    /usr/lib/jvm/java-11-openjdk-amd64/lib/libverify.so
7fabf5769000-7fabf5770000 r-xp 00000000 08:02 529705                     /lib/x86_64-linux-gnu/librt-2.27.so
7fabf5770000-7fabf596f000 ---p 00007000 08:02 529705                     /lib/x86_64-linux-gnu/librt-2.27.so
7fabf596f000-7fabf5970000 r--p 00006000 08:02 529705                     /lib/x86_64-linux-gnu/librt-2.27.so
7fabf5970000-7fabf5971000 rw-p 00007000 08:02 529705                     /lib/x86_64-linux-gnu/librt-2.27.so
7fabf5971000-7fabf5988000 r-xp 00000000 08:02 529150                     /lib/x86_64-linux-gnu/libgcc_s.so.1
7fabf5988000-7fabf5b87000 ---p 00017000 08:02 529150                     /lib/x86_64-linux-gnu/libgcc_s.so.1
7fabf5b87000-7fabf5b88000 r--p 00016000 08:02 529150                     /lib/x86_64-linux-gnu/libgcc_s.so.1
7fabf5b88000-7fabf5b89000 rw-p 00017000 08:02 529150                     /lib/x86_64-linux-gnu/libgcc_s.so.1
7fabf5b89000-7fabf5d26000 r-xp 00000000 08:02 529627                     /lib/x86_64-linux-gnu/libm-2.27.so
7fabf5d26000-7fabf5f25000 ---p 0019d000 08:02 529627                     /lib/x86_64-linux-gnu/libm-2.27.so
7fabf5f25000-7fabf5f26000 r--p 0019c000 08:02 529627                     /lib/x86_64-linux-gnu/libm-2.27.so
7fabf5f26000-7fabf5f27000 rw-p 0019d000 08:02 529627                     /lib/x86_64-linux-gnu/libm-2.27.so
7fabf5f27000-7fabf60a0000 r-xp 00000000 08:02 1967063                    /usr/lib/x86_64-linux-gnu/libstdc++.so.6.0.25
7fabf60a0000-7fabf62a0000 ---p 00179000 08:02 1967063                    /usr/lib/x86_64-linux-gnu/libstdc++.so.6.0.25
7fabf62a0000-7fabf62aa000 r--p 00179000 08:02 1967063                    /usr/lib/x86_64-linux-gnu/libstdc++.so.6.0.25
7fabf62aa000-7fabf62ac000 rw-p 00183000 08:02 1967063                    /usr/lib/x86_64-linux-gnu/libstdc++.so.6.0.25
7fabf62ac000-7fabf62b0000 rw-p 00000000 00:00 0 
7fabf62b0000-7fabf7389000 r-xp 00000000 08:02 1972810                    /usr/lib/jvm/java-11-openjdk-amd64/lib/server/libjvm.so
7fabf7389000-7fabf7588000 ---p 010d9000 08:02 1972810                    /usr/lib/jvm/java-11-openjdk-amd64/lib/server/libjvm.so
7fabf7588000-7fabf7645000 r--p 010d8000 08:02 1972810                    /usr/lib/jvm/java-11-openjdk-amd64/lib/server/libjvm.so
7fabf7645000-7fabf767f000 rw-p 01195000 08:02 1972810                    /usr/lib/jvm/java-11-openjdk-amd64/lib/server/libjvm.so
7fabf767f000-7fabf76d5000 rw-p 00000000 00:00 0 
7fabf76d5000-7fabf76ef000 r-xp 00000000 08:02 529697                     /lib/x86_64-linux-gnu/libpthread-2.27.so
7fabf76ef000-7fabf78ee000 ---p 0001a000 08:02 529697                     /lib/x86_64-linux-gnu/libpthread-2.27.so
7fabf78ee000-7fabf78ef000 r--p 00019000 08:02 529697                     /lib/x86_64-linux-gnu/libpthread-2.27.so
7fabf78ef000-7fabf78f0000 rw-p 0001a000 08:02 529697                     /lib/x86_64-linux-gnu/libpthread-2.27.so
7fabf78f0000-7fabf78f4000 rw-p 00000000 00:00 0 
7fabf78f4000-7fabf78f7000 r-xp 00000000 08:02 529587                     /lib/x86_64-linux-gnu/libdl-2.27.so
7fabf78f7000-7fabf7af6000 ---p 00003000 08:02 529587                     /lib/x86_64-linux-gnu/libdl-2.27.so
7fabf7af6000-7fabf7af7000 r--p 00002000 08:02 529587                     /lib/x86_64-linux-gnu/libdl-2.27.so
7fabf7af7000-7fabf7af8000 rw-p 00003000 08:02 529587                     /lib/x86_64-linux-gnu/libdl-2.27.so
7fabf7af8000-7fabf7b14000 r-xp 00000000 08:02 529738                     /lib/x86_64-linux-gnu/libz.so.1.2.11
7fabf7b14000-7fabf7d13000 ---p 0001c000 08:02 529738                     /lib/x86_64-linux-gnu/libz.so.1.2.11
7fabf7d13000-7fabf7d14000 r--p 0001b000 08:02 529738                     /lib/x86_64-linux-gnu/libz.so.1.2.11
7fabf7d14000-7fabf7d15000 rw-p 0001c000 08:02 529738                     /lib/x86_64-linux-gnu/libz.so.1.2.11
7fabf7d15000-7fabf7efc000 r-xp 00000000 08:02 529564                     /lib/x86_64-linux-gnu/libc-2.27.so
7fabf7efc000-7fabf80fc000 ---p 001e7000 08:02 529564                     /lib/x86_64-linux-gnu/libc-2.27.so
7fabf80fc000-7fabf8100000 r--p 001e7000 08:02 529564                     /lib/x86_64-linux-gnu/libc-2.27.so
7fabf8100000-7fabf8102000 rw-p 001eb000 08:02 529564                     /lib/x86_64-linux-gnu/libc-2.27.so
7fabf8102000-7fabf8106000 rw-p 00000000 00:00 0 
7fabf8106000-7fabf8116000 r-xp 00000000 08:02 1971236                    /usr/lib/jvm/java-11-openjdk-amd64/lib/jli/libjli.so
7fabf8116000-7fabf8315000 ---p 00010000 08:02 1971236                    /usr/lib/jvm/java-11-openjdk-amd64/lib/jli/libjli.so
7fabf8315000-7fabf8316000 r--p 0000f000 08:02 1971236                    /usr/lib/jvm/java-11-openjdk-amd64/lib/jli/libjli.so
7fabf8316000-7fabf8317000 rw-p 00010000 08:02 1971236                    /usr/lib/jvm/java-11-openjdk-amd64/lib/jli/libjli.so
7fabf8317000-7fabf833e000 r-xp 00000000 08:02 529536                     /lib/x86_64-linux-gnu/ld-2.27.so
7fabf833e000-7fabf833f000 r--s 00000000 08:02 3935051                    /var/cache/fontconfig/4d9c95eba1cb85bbcf2878543262124a-le64.cache-7
7fabf833f000-7fabf8340000 r--s 00000000 08:02 3935068                    /var/cache/fontconfig/85e0a52ce643a7ba2ae53e5d6949cead-le64.cache-7
7fabf8340000-7fabf8341000 r--s 00000000 08:02 3935049                    /var/cache/fontconfig/49f0de54bdd920fe4f0dfd4cbac43e6b-le64.cache-7
7fabf8341000-7fabf8342000 r--s 00000000 08:02 3935098                    /var/cache/fontconfig/f6e6e0a5c3d2f6ae0c0c2e0ecd42a997-le64.cache-7
7fabf8342000-7fabf834b000 r--s 00000000 08:02 3935085                    /var/cache/fontconfig/d0972c3d32f097851eb916381fc38920-le64.cache-7
7fabf834b000-7fabf834d000 r--s 00000000 08:02 3935063                    /var/cache/fontconfig/6afa1bb216ce958c1589e297e8008489-le64.cache-7
7fabf834d000-7fabf8350000 r--s 00000000 08:02 3940124                    /var/cache/fontconfig/e13b20fdb08344e0e664864cc2ede53d-le64.cache-7
7fabf8350000-7fabf8354000 r--s 00000000 08:02 3935067                    /var/cache/fontconfig/7ef2298fde41cc6eeb7af42e48b7d293-le64.cache-7
7fabf8354000-7fabf8358000 r--p 00000000 08:03 29099403                   /home/neifi/.config/dconf/user (deleted)
7fabf8358000-7fabf841b000 rw-p 00000000 00:00 0 
7fabf841b000-7fabf841f000 ---p 00000000 00:00 0 
7fabf841f000-7fabf851e000 rw-p 00000000 00:00 0 
7fabf851e000-7fabf851f000 r--s 00000000 00:35 31                         /run/user/1002/snap.eclipse/dconf/user
7fabf851f000-7fabf8526000 r--s 00000000 08:02 2233051                    /usr/lib/x86_64-linux-gnu/gconv/gconv-modules.cache
7fabf8526000-7fabf852b000 rw-p 00000000 00:00 0 
7fabf852b000-7fabf8532000 ---p 00000000 00:00 0 
7fabf8532000-7fabf853a000 rw-s 00000000 08:02 3037113                    /tmp/hsperfdata_neifi/8989
7fabf853a000-7fabf853b000 ---p 00000000 00:00 0 
7fabf853b000-7fabf853c000 r--p 00000000 00:00 0 
7fabf853c000-7fabf853e000 rw-p 00000000 00:00 0 
7fabf853e000-7fabf853f000 r--p 00027000 08:02 529536                     /lib/x86_64-linux-gnu/ld-2.27.so
7fabf853f000-7fabf8540000 rw-p 00028000 08:02 529536                     /lib/x86_64-linux-gnu/ld-2.27.so
7fabf8540000-7fabf8541000 rw-p 00000000 00:00 0 
7ffd7b7a8000-7ffd7b7c9000 rw-p 00000000 00:00 0                          [stack]
7ffd7b7d4000-7ffd7b7d7000 r--p 00000000 00:00 0                          [vvar]
7ffd7b7d7000-7ffd7b7d8000 r-xp 00000000 00:00 0                          [vdso]
ffffffffff600000-ffffffffff601000 --xp 00000000 00:00 0                  [vsyscall]


VM Arguments:
jvm_args: -Dfile.encoding=UTF-8 
java_command: es.neifi.Gestiongym.MainForm
java_class_path (initial): /home/neifi/git/GestionGym/target/classes:/home/neifi/git/GestionGym/jgoodies-forms-1.8.0.jar:/home/neifi/.m2/repository/org/postgresql/postgresql/42.2.10/postgresql-42.2.10.jar
Launcher Type: SUN_STANDARD

[Global flags]
     intx CICompilerCount                          = 4                                         {product} {ergonomic}
     uint ConcGCThreads                            = 2                                         {product} {ergonomic}
     uint G1ConcRefinementThreads                  = 8                                         {product} {ergonomic}
   size_t G1HeapRegionSize                         = 1048576                                   {product} {ergonomic}
    uintx GCDrainStackTargetSize                   = 64                                        {product} {ergonomic}
   size_t InitialHeapSize                          = 132120576                                 {product} {ergonomic}
   size_t MarkStackSize                            = 4194304                                   {product} {ergonomic}
   size_t MaxHeapSize                              = 2090860544                                {product} {ergonomic}
   size_t MaxNewSize                               = 1254096896                                {product} {ergonomic}
   size_t MinHeapDeltaBytes                        = 1048576                                   {product} {ergonomic}
    uintx NonNMethodCodeHeapSize                   = 5836300                                {pd product} {ergonomic}
    uintx NonProfiledCodeHeapSize                  = 122910970                              {pd product} {ergonomic}
    uintx ProfiledCodeHeapSize                     = 122910970                              {pd product} {ergonomic}
    uintx ReservedCodeCacheSize                    = 251658240                              {pd product} {ergonomic}
     bool SegmentedCodeCache                       = true                                      {product} {ergonomic}
     bool UseCompressedClassPointers               = true                                 {lp64_product} {ergonomic}
     bool UseCompressedOops                        = true                                 {lp64_product} {ergonomic}
     bool UseG1GC                                  = true                                      {product} {ergonomic}

Logging:
Log output configuration:
 #0: stdout all=warning uptime,level,tags
 #1: stderr all=off uptime,level,tags

Environment Variables:
PATH=/home/neifi/.local/bin:/usr/local/sbin:/usr/local/bin:/usr/sbin:/usr/bin:/sbin:/bin:/usr/games:/usr/local/games:/snap/bin
SHELL=/bin/bash
DISPLAY=:0

Signal Handlers:
SIGSEGV: [libjvm.so+0xdf1470], sa_mask[0]=11111111011111111101111111111110, sa_flags=SA_RESTART|SA_SIGINFO
SIGBUS: [libjvm.so+0xdf1470], sa_mask[0]=11111111011111111101111111111110, sa_flags=SA_RESTART|SA_SIGINFO
SIGFPE: [libjvm.so+0xdf1470], sa_mask[0]=11111111011111111101111111111110, sa_flags=SA_RESTART|SA_SIGINFO
SIGPIPE: SIG_IGN, sa_mask[0]=00000000000010000000000000000000, sa_flags=SA_RESTART
SIGXFSZ: [libjvm.so+0xbc5560], sa_mask[0]=11111111011111111101111111111110, sa_flags=SA_RESTART|SA_SIGINFO
SIGILL: [libjvm.so+0xdf1470], sa_mask[0]=11111111011111111101111111111110, sa_flags=SA_RESTART|SA_SIGINFO
SIGUSR2: [libjvm.so+0xbc5400], sa_mask[0]=00100000000000000000000000000000, sa_flags=SA_RESTART|SA_SIGINFO
SIGHUP: [libjvm.so+0xbc5760], sa_mask[0]=11111111011111111101111111111110, sa_flags=SA_RESTART|SA_SIGINFO
SIGINT: [libjvm.so+0xbc5760], sa_mask[0]=11111111011111111101111111111110, sa_flags=SA_RESTART|SA_SIGINFO
SIGTERM: [libjvm.so+0xbc5760], sa_mask[0]=11111111011111111101111111111110, sa_flags=SA_RESTART|SA_SIGINFO
SIGQUIT: [libjvm.so+0xbc5760], sa_mask[0]=11111111011111111101111111111110, sa_flags=SA_RESTART|SA_SIGINFO


---------------  S Y S T E M  ---------------

OS:DISTRIB_ID=LinuxMint
DISTRIB_RELEASE=19.1
DISTRIB_CODENAME=tessa
DISTRIB_DESCRIPTION="Linux Mint 19.1 Tessa"
uname:Linux 5.3.0-28-generic #30~18.04.1-Ubuntu SMP Fri Jan 17 06:14:09 UTC 2020 x86_64
libc:glibc 2.27 NPTL 2.27 
rlimit: STACK 8192k, CORE 0k, NPROC 31338, NOFILE 1048576, AS infinity, DATA infinity, FSIZE infinity
load average:16,22 7,89 6,12

/proc/meminfo:
MemTotal:        8163100 kB
MemFree:         7225664 kB
MemAvailable:    7581924 kB
Buffers:           93976 kB
Cached:           456500 kB
SwapCached:         7976 kB
Active:           363820 kB
Inactive:         254296 kB
Active(anon):      59036 kB
Inactive(anon):    30584 kB
Active(file):     304784 kB
Inactive(file):   223712 kB
Unevictable:          32 kB
Mlocked:              32 kB
SwapTotal:       4165628 kB
SwapFree:        4046332 kB
Dirty:              2316 kB
Writeback:             0 kB
AnonPages:         66224 kB
Mapped:            64952 kB
Shmem:             22028 kB
KReclaimable:      93928 kB
Slab:             212136 kB
SReclaimable:      93928 kB
SUnreclaim:       118208 kB
KernelStack:        4740 kB
PageTables:         6872 kB
NFS_Unstable:          0 kB
Bounce:                0 kB
WritebackTmp:          0 kB
CommitLimit:     8247176 kB
Committed_AS:     992944 kB
VmallocTotal:   34359738367 kB
VmallocUsed:       36928 kB
VmallocChunk:          0 kB
Percpu:            22784 kB
HardwareCorrupted:     0 kB
AnonHugePages:      2048 kB
ShmemHugePages:        0 kB
ShmemPmdMapped:        0 kB
CmaTotal:              0 kB
CmaFree:               0 kB
HugePages_Total:       0
HugePages_Free:        0
HugePages_Rsvd:        0
HugePages_Surp:        0
Hugepagesize:       2048 kB
Hugetlb:               0 kB
DirectMap4k:      520136 kB
DirectMap2M:     7819264 kB
DirectMap1G:     1048576 kB


/proc/sys/kernel/threads-max (system-wide limit on the number of threads):
62676


/proc/sys/vm/max_map_count (maximum number of memory map areas a process may have):
65530


/proc/sys/kernel/pid_max (system-wide limit on number of process identifiers):
32768



container (cgroup) information:
container_type: cgroupv1
cpu_cpuset_cpus: 0-7
cpu_memory_nodes: 0
active_processor_count: 8
cpu_quota: -1
cpu_period: 100000
cpu_shares: -1
memory_limit_in_bytes: -1
memory_and_swap_limit_in_bytes: -2
memory_soft_limit_in_bytes: -1
memory_usage_in_bytes: 489988096
memory_max_usage_in_bytes: 7729831936

Steal ticks since vm start: 0
Steal ticks percentage since vm start:  0,000

CPU:total 8 (initial active 8) (8 cores per cpu, 2 threads per core) family 23 model 1 stepping 1, cmov, cx8, fxsr, mmx, sse, sse2, sse3, ssse3, sse4.1, sse4.2, popcnt, avx, avx2, aes, clmul, mmxext, 3dnowpref, lzcnt, sse4a, ht, tsc, tscinvbit, tscinv, bmi1, bmi2, adx, sha, fma
CPU Model and flags from /proc/cpuinfo:
model name	: AMD Ryzen 5 1500X Quad-Core Processor
flags		: fpu vme de pse tsc msr pae mce cx8 apic sep mtrr pge mca cmov pat pse36 clflush mmx fxsr sse sse2 ht syscall nx mmxext fxsr_opt pdpe1gb rdtscp lm constant_tsc rep_good nopl nonstop_tsc cpuid extd_apicid aperfmperf pni pclmulqdq monitor ssse3 fma cx16 sse4_1 sse4_2 movbe popcnt aes xsave avx f16c rdrand lahf_lm cmp_legacy svm extapic cr8_legacy abm sse4a misalignsse 3dnowprefetch osvw skinit wdt tce topoext perfctr_core perfctr_nb bpext perfctr_llc mwaitx cpb hw_pstate sme ssbd sev ibpb vmmcall fsgsbase bmi1 avx2 smep bmi2 rdseed adx smap clflushopt sha_ni xsaveopt xsavec xgetbv1 xsaves clzero irperf xsaveerptr arat npt lbrv svm_lock nrip_save tsc_scale vmcb_clean flushbyasid decodeassists pausefilter pfthreshold avic v_vmsave_vmload vgif overflow_recov succor smca

Memory: 4k page, physical 8163100k(7225856k free), swap 4165628k(4046332k free)

vm_info: OpenJDK 64-Bit Server VM (11.0.6+10-post-Ubuntu-1ubuntu118.04.1) for linux-amd64 JRE (11.0.6+10-post-Ubuntu-1ubuntu118.04.1), built on Jan 15 2020 15:14:00 by "unknown" with gcc 7.4.0

END.
